2020-07-16 16:10:39,978  INFO [main] (StartupInfoLogger.java:55) - Starting BaiduApplication on luna with PID 18300 (D:\myproject\luna-commons-loc\luna-commons-baidu\target\classes started by improve in D:\myproject\luna-commons-loc) 
2020-07-16 16:10:39,980  INFO [main] (SpringApplication.java:655) - The following profiles are active: dev 
2020-07-16 16:10:40,322  INFO [main] (RepositoryConfigurationDelegate.java:249) - Multiple Spring Data modules found, entering strict repository configuration mode! 
2020-07-16 16:10:40,323  INFO [main] (RepositoryConfigurationDelegate.java:127) - Bootstrapping Spring Data Redis repositories in DEFAULT mode. 
2020-07-16 16:10:40,345  INFO [main] (RepositoryConfigurationDelegate.java:187) - Finished Spring Data repository scanning in 11ms. Found 0 Redis repository interfaces. 
2020-07-16 16:10:40,820  INFO [main] (ExecutorConfigurationSupport.java:171) - Initializing ExecutorService 'taskScheduler' 
2020-07-16 16:10:40,855  INFO [main] (StartupInfoLogger.java:61) - Started BaiduApplication in 4.719 seconds (JVM running for 5.738) 
2020-07-16 16:11:01,157  INFO [main] (StartupInfoLogger.java:55) - Starting BaiduApplication on luna with PID 8616 (D:\myproject\luna-commons-loc\luna-commons-baidu\target\classes started by improve in D:\myproject\luna-commons-loc) 
2020-07-16 16:11:01,159  INFO [main] (SpringApplication.java:655) - The following profiles are active: dev 
2020-07-16 16:11:01,497  INFO [main] (RepositoryConfigurationDelegate.java:249) - Multiple Spring Data modules found, entering strict repository configuration mode! 
2020-07-16 16:11:01,499  INFO [main] (RepositoryConfigurationDelegate.java:127) - Bootstrapping Spring Data Redis repositories in DEFAULT mode. 
2020-07-16 16:11:01,521  INFO [main] (RepositoryConfigurationDelegate.java:187) - Finished Spring Data repository scanning in 10ms. Found 0 Redis repository interfaces. 
2020-07-16 16:11:01,977  INFO [main] (ExecutorConfigurationSupport.java:171) - Initializing ExecutorService 'taskScheduler' 
2020-07-16 16:11:02,012  INFO [main] (StartupInfoLogger.java:61) - Started BaiduApplication in 3.911 seconds (JVM running for 5.021) 
2020-07-16 16:28:15,425  INFO [main] (StartupInfoLogger.java:55) - Starting AliApplication on luna with PID 17780 (D:\myproject\luna-commons-loc\luna-commons-ali\target\classes started by improve in D:\myproject\luna-commons-loc) 
2020-07-16 16:28:15,428  INFO [main] (SpringApplication.java:655) - The following profiles are active: dev 
2020-07-16 16:28:15,769  INFO [main] (RepositoryConfigurationDelegate.java:249) - Multiple Spring Data modules found, entering strict repository configuration mode! 
2020-07-16 16:28:15,771  INFO [main] (RepositoryConfigurationDelegate.java:127) - Bootstrapping Spring Data Redis repositories in DEFAULT mode. 
2020-07-16 16:28:15,792  INFO [main] (RepositoryConfigurationDelegate.java:187) - Finished Spring Data repository scanning in 10ms. Found 0 Redis repository interfaces. 
2020-07-16 16:28:16,260  INFO [main] (StartupInfoLogger.java:61) - Started AliApplication in 5.231 seconds (JVM running for 6.288) 
2020-07-16 21:00:36,263  INFO [main] (StartupInfoLogger.java:55) - Starting MediaApplication on luna with PID 7600 (D:\myproject\luna-commons-loc\luna-commons-media\target\classes started by improve in D:\myproject\luna-commons-loc) 
2020-07-16 21:00:36,266  INFO [main] (SpringApplication.java:655) - The following profiles are active: dev 
2020-07-16 21:00:36,674  INFO [main] (RepositoryConfigurationDelegate.java:249) - Multiple Spring Data modules found, entering strict repository configuration mode! 
2020-07-16 21:00:36,677  INFO [main] (RepositoryConfigurationDelegate.java:127) - Bootstrapping Spring Data Redis repositories in DEFAULT mode. 
2020-07-16 21:00:36,707  INFO [main] (RepositoryConfigurationDelegate.java:187) - Finished Spring Data repository scanning in 15ms. Found 0 Redis repository interfaces. 
2020-07-16 21:00:37,309  INFO [main] (StartupInfoLogger.java:61) - Started MediaApplication in 4.931 seconds (JVM running for 7.006) 
