2020-08-03 00:00:32,765  WARN [main] (DuplicateJsonObjectContextCustomizerFactory.java:78) - 

Found multiple occurrences of org.json.JSONObject on the class path:

	jar:file:/D:/maven/repository/org/json/json/20160810/json-20160810.jar!/org/json/JSONObject.class
	jar:file:/D:/maven/repository/com/vaadin/external/google/android-json/0.0.20131108.vaadin1/android-json-0.0.20131108.vaadin1.jar!/org/json/JSONObject.class

You may wish to exclude one of them to ensure predictable runtime behavior
 
2020-08-03 00:00:32,780  INFO [main] (StartupInfoLogger.java:55) - Starting OcrTest on luna with PID 8100 (started by improve in D:\myproject\luna-commons-loc\luna-commons-baidu) 
2020-08-03 00:00:32,780  INFO [main] (SpringApplication.java:655) - The following profiles are active: dev 
2020-08-03 00:00:33,205  INFO [main] (RepositoryConfigurationDelegate.java:249) - Multiple Spring Data modules found, entering strict repository configuration mode! 
2020-08-03 00:00:33,207  INFO [main] (RepositoryConfigurationDelegate.java:127) - Bootstrapping Spring Data Redis repositories in DEFAULT mode. 
2020-08-03 00:00:33,238  INFO [main] (RepositoryConfigurationDelegate.java:187) - Finished Spring Data repository scanning in 15ms. Found 0 Redis repository interfaces. 
2020-08-03 00:00:34,139  INFO [main] (ExecutorConfigurationSupport.java:171) - Initializing ExecutorService 'taskScheduler' 
2020-08-03 00:00:34,201  INFO [main] (StartupInfoLogger.java:61) - Started OcrTest in 3.198 seconds (JVM running for 4.479) 
2020-08-03 00:00:36,316  WARN [main] (ResponseProcessCookies.java:123) - Cookie rejected [BAIDUID="58FB8FF40A43AB240B5BB2582758694B:FG=1", version:0, domain:baidu.com, path:/, expiry:Tue Aug 03 00:00:36 CST 2021] Illegal 'domain' attribute "baidu.com". Domain of origin: "aip.baidubce.com" 
2020-08-03 00:00:36,317  WARN [main] (ResponseProcessCookies.java:123) - Cookie rejected [BAIDUID="2E9B02E8CF3510CA3ECE6F4CACC2DECE:FG=1", version:0, domain:baidu.com, path:/, expiry:Fri Jan 01 07:55:55 CST 2038] Illegal 'domain' attribute "baidu.com". Domain of origin: "aip.baidubce.com" 
2020-08-03 00:00:36,457  INFO [SpringContextShutdownHook] (ExecutorConfigurationSupport.java:208) - Shutting down ExecutorService 'taskScheduler' 
2020-08-03 00:02:57,805  WARN [main] (DuplicateJsonObjectContextCustomizerFactory.java:78) - 

Found multiple occurrences of org.json.JSONObject on the class path:

	jar:file:/D:/maven/repository/org/json/json/20160810/json-20160810.jar!/org/json/JSONObject.class
	jar:file:/D:/maven/repository/com/vaadin/external/google/android-json/0.0.20131108.vaadin1/android-json-0.0.20131108.vaadin1.jar!/org/json/JSONObject.class

You may wish to exclude one of them to ensure predictable runtime behavior
 
2020-08-03 00:02:57,820  INFO [main] (StartupInfoLogger.java:55) - Starting OcrTest on luna with PID 16304 (started by improve in D:\myproject\luna-commons-loc\luna-commons-baidu) 
2020-08-03 00:02:57,820  INFO [main] (SpringApplication.java:655) - The following profiles are active: dev 
2020-08-03 00:02:58,204  INFO [main] (RepositoryConfigurationDelegate.java:249) - Multiple Spring Data modules found, entering strict repository configuration mode! 
2020-08-03 00:02:58,207  INFO [main] (RepositoryConfigurationDelegate.java:127) - Bootstrapping Spring Data Redis repositories in DEFAULT mode. 
2020-08-03 00:02:58,245  INFO [main] (RepositoryConfigurationDelegate.java:187) - Finished Spring Data repository scanning in 17ms. Found 0 Redis repository interfaces. 
2020-08-03 00:02:59,105  INFO [main] (ExecutorConfigurationSupport.java:171) - Initializing ExecutorService 'taskScheduler' 
2020-08-03 00:02:59,160  INFO [main] (StartupInfoLogger.java:61) - Started OcrTest in 3.101 seconds (JVM running for 4.09) 
2020-08-03 00:03:01,161  WARN [main] (ResponseProcessCookies.java:123) - Cookie rejected [BAIDUID="76C917A0469B38B05E77DC387B4B2EA6:FG=1", version:0, domain:baidu.com, path:/, expiry:Tue Aug 03 00:03:01 CST 2021] Illegal 'domain' attribute "baidu.com". Domain of origin: "aip.baidubce.com" 
2020-08-03 00:03:01,161  WARN [main] (ResponseProcessCookies.java:123) - Cookie rejected [BAIDUID="DBDB062D358EE1ED1E9E6163D80CA639:FG=1", version:0, domain:baidu.com, path:/, expiry:Fri Jan 01 07:55:55 CST 2038] Illegal 'domain' attribute "baidu.com". Domain of origin: "aip.baidubce.com" 
2020-08-03 00:03:01,306  INFO [SpringContextShutdownHook] (ExecutorConfigurationSupport.java:208) - Shutting down ExecutorService 'taskScheduler' 
2020-08-03 00:04:58,209  WARN [main] (DuplicateJsonObjectContextCustomizerFactory.java:78) - 

Found multiple occurrences of org.json.JSONObject on the class path:

	jar:file:/D:/maven/repository/org/json/json/20160810/json-20160810.jar!/org/json/JSONObject.class
	jar:file:/D:/maven/repository/com/vaadin/external/google/android-json/0.0.20131108.vaadin1/android-json-0.0.20131108.vaadin1.jar!/org/json/JSONObject.class

You may wish to exclude one of them to ensure predictable runtime behavior
 
2020-08-03 00:04:58,223  INFO [main] (StartupInfoLogger.java:55) - Starting OcrTest on luna with PID 4892 (started by improve in D:\myproject\luna-commons-loc\luna-commons-baidu) 
2020-08-03 00:04:58,224  INFO [main] (SpringApplication.java:655) - The following profiles are active: dev 
2020-08-03 00:04:58,567  INFO [main] (RepositoryConfigurationDelegate.java:249) - Multiple Spring Data modules found, entering strict repository configuration mode! 
2020-08-03 00:04:58,570  INFO [main] (RepositoryConfigurationDelegate.java:127) - Bootstrapping Spring Data Redis repositories in DEFAULT mode. 
2020-08-03 00:04:58,598  INFO [main] (RepositoryConfigurationDelegate.java:187) - Finished Spring Data repository scanning in 15ms. Found 0 Redis repository interfaces. 
2020-08-03 00:04:59,447  INFO [main] (ExecutorConfigurationSupport.java:171) - Initializing ExecutorService 'taskScheduler' 
2020-08-03 00:04:59,500  INFO [main] (StartupInfoLogger.java:61) - Started OcrTest in 3.458 seconds (JVM running for 5.199) 
2020-08-03 00:05:01,511  WARN [main] (ResponseProcessCookies.java:123) - Cookie rejected [BAIDUID="6836FE8EC5D0E490BDE56A012A1972BA:FG=1", version:0, domain:baidu.com, path:/, expiry:Tue Aug 03 00:05:01 CST 2021] Illegal 'domain' attribute "baidu.com". Domain of origin: "aip.baidubce.com" 
2020-08-03 00:05:01,511  WARN [main] (ResponseProcessCookies.java:123) - Cookie rejected [BAIDUID="769DCCB7CD8F35467EE0704F299546CE:FG=1", version:0, domain:baidu.com, path:/, expiry:Fri Jan 01 07:55:55 CST 2038] Illegal 'domain' attribute "baidu.com". Domain of origin: "aip.baidubce.com" 
2020-08-03 00:05:01,664  INFO [SpringContextShutdownHook] (ExecutorConfigurationSupport.java:208) - Shutting down ExecutorService 'taskScheduler' 
2020-08-03 00:07:26,730  WARN [main] (DuplicateJsonObjectContextCustomizerFactory.java:78) - 

Found multiple occurrences of org.json.JSONObject on the class path:

	jar:file:/D:/maven/repository/org/json/json/20160810/json-20160810.jar!/org/json/JSONObject.class
	jar:file:/D:/maven/repository/com/vaadin/external/google/android-json/0.0.20131108.vaadin1/android-json-0.0.20131108.vaadin1.jar!/org/json/JSONObject.class

You may wish to exclude one of them to ensure predictable runtime behavior
 
2020-08-03 00:07:26,743  INFO [main] (StartupInfoLogger.java:55) - Starting OcrTest on luna with PID 976 (started by improve in D:\myproject\luna-commons-loc\luna-commons-baidu) 
2020-08-03 00:07:26,744  INFO [main] (SpringApplication.java:655) - The following profiles are active: dev 
2020-08-03 00:07:27,188  INFO [main] (RepositoryConfigurationDelegate.java:249) - Multiple Spring Data modules found, entering strict repository configuration mode! 
2020-08-03 00:07:27,191  INFO [main] (RepositoryConfigurationDelegate.java:127) - Bootstrapping Spring Data Redis repositories in DEFAULT mode. 
2020-08-03 00:07:27,222  INFO [main] (RepositoryConfigurationDelegate.java:187) - Finished Spring Data repository scanning in 14ms. Found 0 Redis repository interfaces. 
2020-08-03 00:07:28,224  INFO [main] (ExecutorConfigurationSupport.java:171) - Initializing ExecutorService 'taskScheduler' 
2020-08-03 00:07:28,278  INFO [main] (StartupInfoLogger.java:61) - Started OcrTest in 3.694 seconds (JVM running for 4.784) 
2020-08-03 00:07:30,407  WARN [main] (ResponseProcessCookies.java:123) - Cookie rejected [BAIDUID="BE7107E96C3293E4497CE4ABF32B4A03:FG=1", version:0, domain:baidu.com, path:/, expiry:Tue Aug 03 00:07:30 CST 2021] Illegal 'domain' attribute "baidu.com". Domain of origin: "aip.baidubce.com" 
2020-08-03 00:07:30,408  WARN [main] (ResponseProcessCookies.java:123) - Cookie rejected [BAIDUID="94BAC325DA4DFD5464481AFDB418DBC4:FG=1", version:0, domain:baidu.com, path:/, expiry:Fri Jan 01 07:55:55 CST 2038] Illegal 'domain' attribute "baidu.com". Domain of origin: "aip.baidubce.com" 
2020-08-03 00:07:30,555  INFO [SpringContextShutdownHook] (ExecutorConfigurationSupport.java:208) - Shutting down ExecutorService 'taskScheduler' 
2020-08-03 00:12:17,587  WARN [main] (DuplicateJsonObjectContextCustomizerFactory.java:78) - 

Found multiple occurrences of org.json.JSONObject on the class path:

	jar:file:/D:/maven/repository/org/json/json/20160810/json-20160810.jar!/org/json/JSONObject.class
	jar:file:/D:/maven/repository/com/vaadin/external/google/android-json/0.0.20131108.vaadin1/android-json-0.0.20131108.vaadin1.jar!/org/json/JSONObject.class

You may wish to exclude one of them to ensure predictable runtime behavior
 
2020-08-03 00:12:17,602  INFO [main] (StartupInfoLogger.java:55) - Starting OcrTest on luna with PID 7236 (started by improve in D:\myproject\luna-commons-loc\luna-commons-baidu) 
2020-08-03 00:12:17,603  INFO [main] (SpringApplication.java:655) - The following profiles are active: dev 
2020-08-03 00:12:17,982  INFO [main] (RepositoryConfigurationDelegate.java:249) - Multiple Spring Data modules found, entering strict repository configuration mode! 
2020-08-03 00:12:17,985  INFO [main] (RepositoryConfigurationDelegate.java:127) - Bootstrapping Spring Data Redis repositories in DEFAULT mode. 
2020-08-03 00:12:18,019  INFO [main] (RepositoryConfigurationDelegate.java:187) - Finished Spring Data repository scanning in 16ms. Found 0 Redis repository interfaces. 
2020-08-03 00:12:18,875  INFO [main] (ExecutorConfigurationSupport.java:171) - Initializing ExecutorService 'taskScheduler' 
2020-08-03 00:12:18,926  INFO [main] (StartupInfoLogger.java:61) - Started OcrTest in 3.362 seconds (JVM running for 4.369) 
2020-08-03 00:12:21,555  WARN [main] (ResponseProcessCookies.java:123) - Cookie rejected [BAIDUID="5DA035F4AE1678E98505C3CA47DD21AF:FG=1", version:0, domain:baidu.com, path:/, expiry:Tue Aug 03 00:12:21 CST 2021] Illegal 'domain' attribute "baidu.com". Domain of origin: "aip.baidubce.com" 
2020-08-03 00:12:21,556  WARN [main] (ResponseProcessCookies.java:123) - Cookie rejected [BAIDUID="BD76B306A61AA68A361EA49C7E580376:FG=1", version:0, domain:baidu.com, path:/, expiry:Fri Jan 01 07:55:55 CST 2038] Illegal 'domain' attribute "baidu.com". Domain of origin: "aip.baidubce.com" 
2020-08-03 00:12:21,701  INFO [SpringContextShutdownHook] (ExecutorConfigurationSupport.java:208) - Shutting down ExecutorService 'taskScheduler' 
2020-08-03 00:13:57,997  WARN [main] (DuplicateJsonObjectContextCustomizerFactory.java:78) - 

Found multiple occurrences of org.json.JSONObject on the class path:

	jar:file:/D:/maven/repository/org/json/json/20160810/json-20160810.jar!/org/json/JSONObject.class
	jar:file:/D:/maven/repository/com/vaadin/external/google/android-json/0.0.20131108.vaadin1/android-json-0.0.20131108.vaadin1.jar!/org/json/JSONObject.class

You may wish to exclude one of them to ensure predictable runtime behavior
 
2020-08-03 00:13:58,010  INFO [main] (StartupInfoLogger.java:55) - Starting OcrTest on luna with PID 13480 (started by improve in D:\myproject\luna-commons-loc\luna-commons-baidu) 
2020-08-03 00:13:58,010  INFO [main] (SpringApplication.java:655) - The following profiles are active: dev 
2020-08-03 00:13:58,388  INFO [main] (RepositoryConfigurationDelegate.java:249) - Multiple Spring Data modules found, entering strict repository configuration mode! 
2020-08-03 00:13:58,391  INFO [main] (RepositoryConfigurationDelegate.java:127) - Bootstrapping Spring Data Redis repositories in DEFAULT mode. 
2020-08-03 00:13:58,424  INFO [main] (RepositoryConfigurationDelegate.java:187) - Finished Spring Data repository scanning in 17ms. Found 0 Redis repository interfaces. 
2020-08-03 00:13:59,330  INFO [main] (ExecutorConfigurationSupport.java:171) - Initializing ExecutorService 'taskScheduler' 
2020-08-03 00:13:59,399  INFO [main] (StartupInfoLogger.java:61) - Started OcrTest in 3.247 seconds (JVM running for 4.393) 
2020-08-03 00:14:01,420  WARN [main] (ResponseProcessCookies.java:123) - Cookie rejected [BAIDUID="D387934CC860CD842D850C091BE2952D:FG=1", version:0, domain:baidu.com, path:/, expiry:Tue Aug 03 00:14:01 CST 2021] Illegal 'domain' attribute "baidu.com". Domain of origin: "aip.baidubce.com" 
2020-08-03 00:14:01,421  WARN [main] (ResponseProcessCookies.java:123) - Cookie rejected [BAIDUID="B3A53158B9A5E33AA739F402D8E30FBA:FG=1", version:0, domain:baidu.com, path:/, expiry:Fri Jan 01 07:55:55 CST 2038] Illegal 'domain' attribute "baidu.com". Domain of origin: "aip.baidubce.com" 
2020-08-03 00:14:01,563  INFO [SpringContextShutdownHook] (ExecutorConfigurationSupport.java:208) - Shutting down ExecutorService 'taskScheduler' 
2020-08-03 00:14:43,335  WARN [main] (DuplicateJsonObjectContextCustomizerFactory.java:78) - 

Found multiple occurrences of org.json.JSONObject on the class path:

	jar:file:/D:/maven/repository/org/json/json/20160810/json-20160810.jar!/org/json/JSONObject.class
	jar:file:/D:/maven/repository/com/vaadin/external/google/android-json/0.0.20131108.vaadin1/android-json-0.0.20131108.vaadin1.jar!/org/json/JSONObject.class

You may wish to exclude one of them to ensure predictable runtime behavior
 
2020-08-03 00:14:43,350  INFO [main] (StartupInfoLogger.java:55) - Starting OcrTest on luna with PID 11688 (started by improve in D:\myproject\luna-commons-loc\luna-commons-baidu) 
2020-08-03 00:14:43,350  INFO [main] (SpringApplication.java:655) - The following profiles are active: dev 
2020-08-03 00:14:43,729  INFO [main] (RepositoryConfigurationDelegate.java:249) - Multiple Spring Data modules found, entering strict repository configuration mode! 
2020-08-03 00:14:43,733  INFO [main] (RepositoryConfigurationDelegate.java:127) - Bootstrapping Spring Data Redis repositories in DEFAULT mode. 
2020-08-03 00:14:43,773  INFO [main] (RepositoryConfigurationDelegate.java:187) - Finished Spring Data repository scanning in 17ms. Found 0 Redis repository interfaces. 
2020-08-03 00:14:44,638  INFO [main] (ExecutorConfigurationSupport.java:171) - Initializing ExecutorService 'taskScheduler' 
2020-08-03 00:14:44,694  INFO [main] (StartupInfoLogger.java:61) - Started OcrTest in 3.651 seconds (JVM running for 4.626) 
2020-08-03 00:14:46,666  WARN [main] (ResponseProcessCookies.java:123) - Cookie rejected [BAIDUID="BEF5091ADC4C33F39BAA07EF19501FF5:FG=1", version:0, domain:baidu.com, path:/, expiry:Tue Aug 03 00:14:46 CST 2021] Illegal 'domain' attribute "baidu.com". Domain of origin: "aip.baidubce.com" 
2020-08-03 00:14:46,666  WARN [main] (ResponseProcessCookies.java:123) - Cookie rejected [BAIDUID="76B17BBE3F144AC38CD37979AEA11807:FG=1", version:0, domain:baidu.com, path:/, expiry:Fri Jan 01 07:55:55 CST 2038] Illegal 'domain' attribute "baidu.com". Domain of origin: "aip.baidubce.com" 
2020-08-03 00:14:46,806  INFO [SpringContextShutdownHook] (ExecutorConfigurationSupport.java:208) - Shutting down ExecutorService 'taskScheduler' 
2020-08-03 00:18:44,370  WARN [main] (DuplicateJsonObjectContextCustomizerFactory.java:78) - 

Found multiple occurrences of org.json.JSONObject on the class path:

	jar:file:/D:/maven/repository/org/json/json/20160810/json-20160810.jar!/org/json/JSONObject.class
	jar:file:/D:/maven/repository/com/vaadin/external/google/android-json/0.0.20131108.vaadin1/android-json-0.0.20131108.vaadin1.jar!/org/json/JSONObject.class

You may wish to exclude one of them to ensure predictable runtime behavior
 
2020-08-03 00:18:44,384  INFO [main] (StartupInfoLogger.java:55) - Starting OcrTest on luna with PID 16392 (started by improve in D:\myproject\luna-commons-loc\luna-commons-baidu) 
2020-08-03 00:18:44,385  INFO [main] (SpringApplication.java:655) - The following profiles are active: dev 
2020-08-03 00:18:44,756  INFO [main] (RepositoryConfigurationDelegate.java:249) - Multiple Spring Data modules found, entering strict repository configuration mode! 
2020-08-03 00:18:44,759  INFO [main] (RepositoryConfigurationDelegate.java:127) - Bootstrapping Spring Data Redis repositories in DEFAULT mode. 
2020-08-03 00:18:44,794  INFO [main] (RepositoryConfigurationDelegate.java:187) - Finished Spring Data repository scanning in 17ms. Found 0 Redis repository interfaces. 
2020-08-03 00:18:45,658  INFO [main] (ExecutorConfigurationSupport.java:171) - Initializing ExecutorService 'taskScheduler' 
2020-08-03 00:18:45,711  INFO [main] (StartupInfoLogger.java:61) - Started OcrTest in 3.627 seconds (JVM running for 4.642) 
2020-08-03 00:18:47,593  WARN [main] (ResponseProcessCookies.java:123) - Cookie rejected [BAIDUID="08409517AE51C88FC3FB07FE81DC9595:FG=1", version:0, domain:baidu.com, path:/, expiry:Tue Aug 03 00:18:47 CST 2021] Illegal 'domain' attribute "baidu.com". Domain of origin: "aip.baidubce.com" 
2020-08-03 00:18:47,594  WARN [main] (ResponseProcessCookies.java:123) - Cookie rejected [BAIDUID="175591E68A74420D757AA47236367E75:FG=1", version:0, domain:baidu.com, path:/, expiry:Fri Jan 01 07:55:55 CST 2038] Illegal 'domain' attribute "baidu.com". Domain of origin: "aip.baidubce.com" 
2020-08-03 00:18:47,709  INFO [SpringContextShutdownHook] (ExecutorConfigurationSupport.java:208) - Shutting down ExecutorService 'taskScheduler' 
2020-08-03 00:19:24,253  WARN [main] (DuplicateJsonObjectContextCustomizerFactory.java:78) - 

Found multiple occurrences of org.json.JSONObject on the class path:

	jar:file:/D:/maven/repository/org/json/json/20160810/json-20160810.jar!/org/json/JSONObject.class
	jar:file:/D:/maven/repository/com/vaadin/external/google/android-json/0.0.20131108.vaadin1/android-json-0.0.20131108.vaadin1.jar!/org/json/JSONObject.class

You may wish to exclude one of them to ensure predictable runtime behavior
 
2020-08-03 00:19:24,266  INFO [main] (StartupInfoLogger.java:55) - Starting OcrTest on luna with PID 17244 (started by improve in D:\myproject\luna-commons-loc\luna-commons-baidu) 
2020-08-03 00:19:24,267  INFO [main] (SpringApplication.java:655) - The following profiles are active: dev 
2020-08-03 00:19:24,632  INFO [main] (RepositoryConfigurationDelegate.java:249) - Multiple Spring Data modules found, entering strict repository configuration mode! 
2020-08-03 00:19:24,635  INFO [main] (RepositoryConfigurationDelegate.java:127) - Bootstrapping Spring Data Redis repositories in DEFAULT mode. 
2020-08-03 00:19:24,665  INFO [main] (RepositoryConfigurationDelegate.java:187) - Finished Spring Data repository scanning in 14ms. Found 0 Redis repository interfaces. 
2020-08-03 00:19:25,533  INFO [main] (ExecutorConfigurationSupport.java:171) - Initializing ExecutorService 'taskScheduler' 
2020-08-03 00:19:25,596  INFO [main] (StartupInfoLogger.java:61) - Started OcrTest in 3.674 seconds (JVM running for 4.846) 
2020-08-03 00:19:27,517  WARN [main] (ResponseProcessCookies.java:123) - Cookie rejected [BAIDUID="3C43CB734D8AEBA2C6F4C7DBA3AF262E:FG=1", version:0, domain:baidu.com, path:/, expiry:Tue Aug 03 00:19:27 CST 2021] Illegal 'domain' attribute "baidu.com". Domain of origin: "aip.baidubce.com" 
2020-08-03 00:19:27,518  WARN [main] (ResponseProcessCookies.java:123) - Cookie rejected [BAIDUID="43CCA4AE21E68285E63B683D23BB1DB7:FG=1", version:0, domain:baidu.com, path:/, expiry:Fri Jan 01 07:55:55 CST 2038] Illegal 'domain' attribute "baidu.com". Domain of origin: "aip.baidubce.com" 
2020-08-03 00:19:27,652  INFO [SpringContextShutdownHook] (ExecutorConfigurationSupport.java:208) - Shutting down ExecutorService 'taskScheduler' 
2020-08-03 00:21:34,018  WARN [main] (DuplicateJsonObjectContextCustomizerFactory.java:78) - 

Found multiple occurrences of org.json.JSONObject on the class path:

	jar:file:/D:/maven/repository/org/json/json/20160810/json-20160810.jar!/org/json/JSONObject.class
	jar:file:/D:/maven/repository/com/vaadin/external/google/android-json/0.0.20131108.vaadin1/android-json-0.0.20131108.vaadin1.jar!/org/json/JSONObject.class

You may wish to exclude one of them to ensure predictable runtime behavior
 
2020-08-03 00:21:34,032  INFO [main] (StartupInfoLogger.java:55) - Starting OcrTest on luna with PID 8556 (started by improve in D:\myproject\luna-commons-loc\luna-commons-baidu) 
2020-08-03 00:21:34,032  INFO [main] (SpringApplication.java:655) - The following profiles are active: dev 
2020-08-03 00:21:34,393  INFO [main] (RepositoryConfigurationDelegate.java:249) - Multiple Spring Data modules found, entering strict repository configuration mode! 
2020-08-03 00:21:34,396  INFO [main] (RepositoryConfigurationDelegate.java:127) - Bootstrapping Spring Data Redis repositories in DEFAULT mode. 
2020-08-03 00:21:34,425  INFO [main] (RepositoryConfigurationDelegate.java:187) - Finished Spring Data repository scanning in 15ms. Found 0 Redis repository interfaces. 
2020-08-03 00:21:35,272  INFO [main] (ExecutorConfigurationSupport.java:171) - Initializing ExecutorService 'taskScheduler' 
2020-08-03 00:21:35,325  INFO [main] (StartupInfoLogger.java:61) - Started OcrTest in 3.381 seconds (JVM running for 4.365) 
2020-08-03 00:21:37,105  WARN [main] (ResponseProcessCookies.java:123) - Cookie rejected [BAIDUID="F775D0BD40F1D90B7BA1EFC13FB27D06:FG=1", version:0, domain:baidu.com, path:/, expiry:Tue Aug 03 00:21:37 CST 2021] Illegal 'domain' attribute "baidu.com". Domain of origin: "aip.baidubce.com" 
2020-08-03 00:21:37,106  WARN [main] (ResponseProcessCookies.java:123) - Cookie rejected [BAIDUID="6FD7B751DEA3AC7E07B19279738DC880:FG=1", version:0, domain:baidu.com, path:/, expiry:Fri Jan 01 07:55:55 CST 2038] Illegal 'domain' attribute "baidu.com". Domain of origin: "aip.baidubce.com" 
2020-08-03 00:21:37,286  INFO [SpringContextShutdownHook] (ExecutorConfigurationSupport.java:208) - Shutting down ExecutorService 'taskScheduler' 
2020-08-03 00:23:10,923  WARN [main] (DuplicateJsonObjectContextCustomizerFactory.java:78) - 

Found multiple occurrences of org.json.JSONObject on the class path:

	jar:file:/D:/maven/repository/org/json/json/20160810/json-20160810.jar!/org/json/JSONObject.class
	jar:file:/D:/maven/repository/com/vaadin/external/google/android-json/0.0.20131108.vaadin1/android-json-0.0.20131108.vaadin1.jar!/org/json/JSONObject.class

You may wish to exclude one of them to ensure predictable runtime behavior
 
2020-08-03 00:23:10,938  INFO [main] (StartupInfoLogger.java:55) - Starting OcrTest on luna with PID 15684 (started by improve in D:\myproject\luna-commons-loc\luna-commons-baidu) 
2020-08-03 00:23:10,938  INFO [main] (SpringApplication.java:655) - The following profiles are active: dev 
2020-08-03 00:23:11,314  INFO [main] (RepositoryConfigurationDelegate.java:249) - Multiple Spring Data modules found, entering strict repository configuration mode! 
2020-08-03 00:23:11,317  INFO [main] (RepositoryConfigurationDelegate.java:127) - Bootstrapping Spring Data Redis repositories in DEFAULT mode. 
2020-08-03 00:23:11,346  INFO [main] (RepositoryConfigurationDelegate.java:187) - Finished Spring Data repository scanning in 14ms. Found 0 Redis repository interfaces. 
2020-08-03 00:23:12,245  INFO [main] (ExecutorConfigurationSupport.java:171) - Initializing ExecutorService 'taskScheduler' 
2020-08-03 00:23:12,298  INFO [main] (StartupInfoLogger.java:61) - Started OcrTest in 3.267 seconds (JVM running for 4.358) 
2020-08-03 00:23:14,423  WARN [main] (ResponseProcessCookies.java:123) - Cookie rejected [BAIDUID="961DA96A04F6BDF25C22AC002C94CD7D:FG=1", version:0, domain:baidu.com, path:/, expiry:Tue Aug 03 00:23:14 CST 2021] Illegal 'domain' attribute "baidu.com". Domain of origin: "aip.baidubce.com" 
2020-08-03 00:23:14,423  WARN [main] (ResponseProcessCookies.java:123) - Cookie rejected [BAIDUID="92F3CDBD121C62E3EB175CEFFF831787:FG=1", version:0, domain:baidu.com, path:/, expiry:Fri Jan 01 07:55:55 CST 2038] Illegal 'domain' attribute "baidu.com". Domain of origin: "aip.baidubce.com" 
2020-08-03 00:23:14,567  INFO [SpringContextShutdownHook] (ExecutorConfigurationSupport.java:208) - Shutting down ExecutorService 'taskScheduler' 
2020-08-03 00:23:33,727  WARN [main] (DuplicateJsonObjectContextCustomizerFactory.java:78) - 

Found multiple occurrences of org.json.JSONObject on the class path:

	jar:file:/D:/maven/repository/org/json/json/20160810/json-20160810.jar!/org/json/JSONObject.class
	jar:file:/D:/maven/repository/com/vaadin/external/google/android-json/0.0.20131108.vaadin1/android-json-0.0.20131108.vaadin1.jar!/org/json/JSONObject.class

You may wish to exclude one of them to ensure predictable runtime behavior
 
2020-08-03 00:23:33,742  INFO [main] (StartupInfoLogger.java:55) - Starting OcrTest on luna with PID 15728 (started by improve in D:\myproject\luna-commons-loc\luna-commons-baidu) 
2020-08-03 00:23:33,743  INFO [main] (SpringApplication.java:655) - The following profiles are active: dev 
2020-08-03 00:23:34,152  INFO [main] (RepositoryConfigurationDelegate.java:249) - Multiple Spring Data modules found, entering strict repository configuration mode! 
2020-08-03 00:23:34,155  INFO [main] (RepositoryConfigurationDelegate.java:127) - Bootstrapping Spring Data Redis repositories in DEFAULT mode. 
2020-08-03 00:23:34,189  INFO [main] (RepositoryConfigurationDelegate.java:187) - Finished Spring Data repository scanning in 17ms. Found 0 Redis repository interfaces. 
2020-08-03 00:23:35,292  INFO [main] (ExecutorConfigurationSupport.java:171) - Initializing ExecutorService 'taskScheduler' 
2020-08-03 00:23:35,350  INFO [main] (StartupInfoLogger.java:61) - Started OcrTest in 3.496 seconds (JVM running for 4.58) 
2020-08-03 00:23:37,590  WARN [main] (ResponseProcessCookies.java:123) - Cookie rejected [BAIDUID="0F8892B67CE10A91AA7400C4E7D44655:FG=1", version:0, domain:baidu.com, path:/, expiry:Tue Aug 03 00:23:37 CST 2021] Illegal 'domain' attribute "baidu.com". Domain of origin: "aip.baidubce.com" 
2020-08-03 00:23:37,590  WARN [main] (ResponseProcessCookies.java:123) - Cookie rejected [BAIDUID="12819EA6648B42F5CC672068B8D77BC2:FG=1", version:0, domain:baidu.com, path:/, expiry:Fri Jan 01 07:55:55 CST 2038] Illegal 'domain' attribute "baidu.com". Domain of origin: "aip.baidubce.com" 
2020-08-03 00:23:37,736  INFO [SpringContextShutdownHook] (ExecutorConfigurationSupport.java:208) - Shutting down ExecutorService 'taskScheduler' 
2020-08-03 00:25:39,774  WARN [main] (DuplicateJsonObjectContextCustomizerFactory.java:78) - 

Found multiple occurrences of org.json.JSONObject on the class path:

	jar:file:/D:/maven/repository/org/json/json/20160810/json-20160810.jar!/org/json/JSONObject.class
	jar:file:/D:/maven/repository/com/vaadin/external/google/android-json/0.0.20131108.vaadin1/android-json-0.0.20131108.vaadin1.jar!/org/json/JSONObject.class

You may wish to exclude one of them to ensure predictable runtime behavior
 
2020-08-03 00:25:39,787  INFO [main] (StartupInfoLogger.java:55) - Starting OcrTest on luna with PID 13644 (started by improve in D:\myproject\luna-commons-loc\luna-commons-baidu) 
2020-08-03 00:25:39,788  INFO [main] (SpringApplication.java:655) - The following profiles are active: dev 
2020-08-03 00:25:40,150  INFO [main] (RepositoryConfigurationDelegate.java:249) - Multiple Spring Data modules found, entering strict repository configuration mode! 
2020-08-03 00:25:40,153  INFO [main] (RepositoryConfigurationDelegate.java:127) - Bootstrapping Spring Data Redis repositories in DEFAULT mode. 
2020-08-03 00:25:40,182  INFO [main] (RepositoryConfigurationDelegate.java:187) - Finished Spring Data repository scanning in 14ms. Found 0 Redis repository interfaces. 
2020-08-03 00:25:41,048  INFO [main] (ExecutorConfigurationSupport.java:171) - Initializing ExecutorService 'taskScheduler' 
2020-08-03 00:25:41,100  INFO [main] (StartupInfoLogger.java:61) - Started OcrTest in 3.614 seconds (JVM running for 4.596) 
2020-08-03 00:25:43,280  WARN [main] (ResponseProcessCookies.java:123) - Cookie rejected [BAIDUID="34DC8443A42D580E279BDA5E0D27D0CB:FG=1", version:0, domain:baidu.com, path:/, expiry:Tue Aug 03 00:25:43 CST 2021] Illegal 'domain' attribute "baidu.com". Domain of origin: "aip.baidubce.com" 
2020-08-03 00:25:43,281  WARN [main] (ResponseProcessCookies.java:123) - Cookie rejected [BAIDUID="58AF70473D270B3F80576C38374DACF3:FG=1", version:0, domain:baidu.com, path:/, expiry:Fri Jan 01 07:55:55 CST 2038] Illegal 'domain' attribute "baidu.com". Domain of origin: "aip.baidubce.com" 
2020-08-03 00:25:43,436  INFO [SpringContextShutdownHook] (ExecutorConfigurationSupport.java:208) - Shutting down ExecutorService 'taskScheduler' 
2020-08-03 00:25:56,109  WARN [main] (DuplicateJsonObjectContextCustomizerFactory.java:78) - 

Found multiple occurrences of org.json.JSONObject on the class path:

	jar:file:/D:/maven/repository/org/json/json/20160810/json-20160810.jar!/org/json/JSONObject.class
	jar:file:/D:/maven/repository/com/vaadin/external/google/android-json/0.0.20131108.vaadin1/android-json-0.0.20131108.vaadin1.jar!/org/json/JSONObject.class

You may wish to exclude one of them to ensure predictable runtime behavior
 
2020-08-03 00:25:56,123  INFO [main] (StartupInfoLogger.java:55) - Starting OcrTest on luna with PID 10648 (started by improve in D:\myproject\luna-commons-loc\luna-commons-baidu) 
2020-08-03 00:25:56,124  INFO [main] (SpringApplication.java:655) - The following profiles are active: dev 
2020-08-03 00:25:56,488  INFO [main] (RepositoryConfigurationDelegate.java:249) - Multiple Spring Data modules found, entering strict repository configuration mode! 
2020-08-03 00:25:56,490  INFO [main] (RepositoryConfigurationDelegate.java:127) - Bootstrapping Spring Data Redis repositories in DEFAULT mode. 
2020-08-03 00:25:56,520  INFO [main] (RepositoryConfigurationDelegate.java:187) - Finished Spring Data repository scanning in 14ms. Found 0 Redis repository interfaces. 
2020-08-03 00:25:57,391  INFO [main] (ExecutorConfigurationSupport.java:171) - Initializing ExecutorService 'taskScheduler' 
2020-08-03 00:25:57,448  INFO [main] (StartupInfoLogger.java:61) - Started OcrTest in 3.896 seconds (JVM running for 4.87) 
2020-08-03 00:25:59,569  WARN [main] (ResponseProcessCookies.java:123) - Cookie rejected [BAIDUID="42AE8354445BAF4E6961A63BF27ECFEF:FG=1", version:0, domain:baidu.com, path:/, expiry:Tue Aug 03 00:25:59 CST 2021] Illegal 'domain' attribute "baidu.com". Domain of origin: "aip.baidubce.com" 
2020-08-03 00:25:59,570  WARN [main] (ResponseProcessCookies.java:123) - Cookie rejected [BAIDUID="9CDF37023E73E1396DEC1F60389E9B64:FG=1", version:0, domain:baidu.com, path:/, expiry:Fri Jan 01 07:55:55 CST 2038] Illegal 'domain' attribute "baidu.com". Domain of origin: "aip.baidubce.com" 
2020-08-03 00:25:59,711  INFO [SpringContextShutdownHook] (ExecutorConfigurationSupport.java:208) - Shutting down ExecutorService 'taskScheduler' 
2020-08-03 00:26:16,436  WARN [main] (DuplicateJsonObjectContextCustomizerFactory.java:78) - 

Found multiple occurrences of org.json.JSONObject on the class path:

	jar:file:/D:/maven/repository/org/json/json/20160810/json-20160810.jar!/org/json/JSONObject.class
	jar:file:/D:/maven/repository/com/vaadin/external/google/android-json/0.0.20131108.vaadin1/android-json-0.0.20131108.vaadin1.jar!/org/json/JSONObject.class

You may wish to exclude one of them to ensure predictable runtime behavior
 
2020-08-03 00:26:16,453  INFO [main] (StartupInfoLogger.java:55) - Starting OcrTest on luna with PID 14984 (started by improve in D:\myproject\luna-commons-loc\luna-commons-baidu) 
2020-08-03 00:26:16,453  INFO [main] (SpringApplication.java:655) - The following profiles are active: dev 
2020-08-03 00:26:16,844  INFO [main] (RepositoryConfigurationDelegate.java:249) - Multiple Spring Data modules found, entering strict repository configuration mode! 
2020-08-03 00:26:16,847  INFO [main] (RepositoryConfigurationDelegate.java:127) - Bootstrapping Spring Data Redis repositories in DEFAULT mode. 
2020-08-03 00:26:16,885  INFO [main] (RepositoryConfigurationDelegate.java:187) - Finished Spring Data repository scanning in 17ms. Found 0 Redis repository interfaces. 
2020-08-03 00:26:17,779  INFO [main] (ExecutorConfigurationSupport.java:171) - Initializing ExecutorService 'taskScheduler' 
2020-08-03 00:26:17,844  INFO [main] (StartupInfoLogger.java:61) - Started OcrTest in 4.282 seconds (JVM running for 5.259) 
2020-08-03 00:26:19,909  WARN [main] (ResponseProcessCookies.java:123) - Cookie rejected [BAIDUID="94C5FB459573A662C6BF6D06241EA6DB:FG=1", version:0, domain:baidu.com, path:/, expiry:Tue Aug 03 00:26:19 CST 2021] Illegal 'domain' attribute "baidu.com". Domain of origin: "aip.baidubce.com" 
2020-08-03 00:26:19,910  WARN [main] (ResponseProcessCookies.java:123) - Cookie rejected [BAIDUID="F4598C9CC41EFF6AC8970DC67ED2AB71:FG=1", version:0, domain:baidu.com, path:/, expiry:Fri Jan 01 07:55:55 CST 2038] Illegal 'domain' attribute "baidu.com". Domain of origin: "aip.baidubce.com" 
2020-08-03 00:26:20,048  INFO [SpringContextShutdownHook] (ExecutorConfigurationSupport.java:208) - Shutting down ExecutorService 'taskScheduler' 
2020-08-03 00:27:34,767  WARN [main] (DuplicateJsonObjectContextCustomizerFactory.java:78) - 

Found multiple occurrences of org.json.JSONObject on the class path:

	jar:file:/D:/maven/repository/org/json/json/20160810/json-20160810.jar!/org/json/JSONObject.class
	jar:file:/D:/maven/repository/com/vaadin/external/google/android-json/0.0.20131108.vaadin1/android-json-0.0.20131108.vaadin1.jar!/org/json/JSONObject.class

You may wish to exclude one of them to ensure predictable runtime behavior
 
2020-08-03 00:27:34,782  INFO [main] (StartupInfoLogger.java:55) - Starting OcrTest on luna with PID 12576 (started by improve in D:\myproject\luna-commons-loc\luna-commons-baidu) 
2020-08-03 00:27:34,783  INFO [main] (SpringApplication.java:655) - The following profiles are active: dev 
2020-08-03 00:27:35,250  INFO [main] (RepositoryConfigurationDelegate.java:249) - Multiple Spring Data modules found, entering strict repository configuration mode! 
2020-08-03 00:27:35,255  INFO [main] (RepositoryConfigurationDelegate.java:127) - Bootstrapping Spring Data Redis repositories in DEFAULT mode. 
2020-08-03 00:27:35,314  INFO [main] (RepositoryConfigurationDelegate.java:187) - Finished Spring Data repository scanning in 32ms. Found 0 Redis repository interfaces. 
2020-08-03 00:27:36,196  INFO [main] (ExecutorConfigurationSupport.java:171) - Initializing ExecutorService 'taskScheduler' 
2020-08-03 00:27:36,254  INFO [main] (StartupInfoLogger.java:61) - Started OcrTest in 3.93 seconds (JVM running for 4.897) 
2020-08-03 00:27:38,423  WARN [main] (ResponseProcessCookies.java:123) - Cookie rejected [BAIDUID="6057F68DB9855AFDE2DE6D5EE9F7A6FF:FG=1", version:0, domain:baidu.com, path:/, expiry:Tue Aug 03 00:27:38 CST 2021] Illegal 'domain' attribute "baidu.com". Domain of origin: "aip.baidubce.com" 
2020-08-03 00:27:38,424  WARN [main] (ResponseProcessCookies.java:123) - Cookie rejected [BAIDUID="8828B110FC1AB3B9A8E5ACAC48E7FDD4:FG=1", version:0, domain:baidu.com, path:/, expiry:Fri Jan 01 07:55:55 CST 2038] Illegal 'domain' attribute "baidu.com". Domain of origin: "aip.baidubce.com" 
2020-08-03 00:27:38,563  INFO [SpringContextShutdownHook] (ExecutorConfigurationSupport.java:208) - Shutting down ExecutorService 'taskScheduler' 
2020-08-03 00:31:33,580  WARN [main] (DuplicateJsonObjectContextCustomizerFactory.java:78) - 

Found multiple occurrences of org.json.JSONObject on the class path:

	jar:file:/D:/maven/repository/org/json/json/20160810/json-20160810.jar!/org/json/JSONObject.class
	jar:file:/D:/maven/repository/com/vaadin/external/google/android-json/0.0.20131108.vaadin1/android-json-0.0.20131108.vaadin1.jar!/org/json/JSONObject.class

You may wish to exclude one of them to ensure predictable runtime behavior
 
2020-08-03 00:31:33,594  INFO [main] (StartupInfoLogger.java:55) - Starting OcrTest on luna with PID 10308 (started by improve in D:\myproject\luna-commons-loc\luna-commons-baidu) 
2020-08-03 00:31:33,594  INFO [main] (SpringApplication.java:655) - The following profiles are active: dev 
2020-08-03 00:31:33,968  INFO [main] (RepositoryConfigurationDelegate.java:249) - Multiple Spring Data modules found, entering strict repository configuration mode! 
2020-08-03 00:31:33,972  INFO [main] (RepositoryConfigurationDelegate.java:127) - Bootstrapping Spring Data Redis repositories in DEFAULT mode. 
2020-08-03 00:31:34,010  INFO [main] (RepositoryConfigurationDelegate.java:187) - Finished Spring Data repository scanning in 20ms. Found 0 Redis repository interfaces. 
2020-08-03 00:31:34,878  INFO [main] (ExecutorConfigurationSupport.java:171) - Initializing ExecutorService 'taskScheduler' 
2020-08-03 00:31:34,941  INFO [main] (StartupInfoLogger.java:61) - Started OcrTest in 3.687 seconds (JVM running for 4.68) 
2020-08-03 00:31:37,055  WARN [main] (ResponseProcessCookies.java:123) - Cookie rejected [BAIDUID="F51914F1F7811BFC90A3567EF0EE110D:FG=1", version:0, domain:baidu.com, path:/, expiry:Tue Aug 03 00:31:37 CST 2021] Illegal 'domain' attribute "baidu.com". Domain of origin: "aip.baidubce.com" 
2020-08-03 00:31:37,055  WARN [main] (ResponseProcessCookies.java:123) - Cookie rejected [BAIDUID="420752F292629412B946198A8C97B909:FG=1", version:0, domain:baidu.com, path:/, expiry:Fri Jan 01 07:55:55 CST 2038] Illegal 'domain' attribute "baidu.com". Domain of origin: "aip.baidubce.com" 
2020-08-03 00:31:37,204  INFO [SpringContextShutdownHook] (ExecutorConfigurationSupport.java:208) - Shutting down ExecutorService 'taskScheduler' 
2020-08-03 00:31:52,675  WARN [main] (DuplicateJsonObjectContextCustomizerFactory.java:78) - 

Found multiple occurrences of org.json.JSONObject on the class path:

	jar:file:/D:/maven/repository/org/json/json/20160810/json-20160810.jar!/org/json/JSONObject.class
	jar:file:/D:/maven/repository/com/vaadin/external/google/android-json/0.0.20131108.vaadin1/android-json-0.0.20131108.vaadin1.jar!/org/json/JSONObject.class

You may wish to exclude one of them to ensure predictable runtime behavior
 
2020-08-03 00:31:52,691  INFO [main] (StartupInfoLogger.java:55) - Starting OcrTest on luna with PID 1248 (started by improve in D:\myproject\luna-commons-loc\luna-commons-baidu) 
2020-08-03 00:31:52,691  INFO [main] (SpringApplication.java:655) - The following profiles are active: dev 
2020-08-03 00:31:53,079  INFO [main] (RepositoryConfigurationDelegate.java:249) - Multiple Spring Data modules found, entering strict repository configuration mode! 
2020-08-03 00:31:53,081  INFO [main] (RepositoryConfigurationDelegate.java:127) - Bootstrapping Spring Data Redis repositories in DEFAULT mode. 
2020-08-03 00:31:53,110  INFO [main] (RepositoryConfigurationDelegate.java:187) - Finished Spring Data repository scanning in 14ms. Found 0 Redis repository interfaces. 
2020-08-03 00:31:53,968  INFO [main] (ExecutorConfigurationSupport.java:171) - Initializing ExecutorService 'taskScheduler' 
2020-08-03 00:31:54,021  INFO [main] (StartupInfoLogger.java:61) - Started OcrTest in 3.261 seconds (JVM running for 4.321) 
2020-08-03 00:31:56,146  WARN [main] (ResponseProcessCookies.java:123) - Cookie rejected [BAIDUID="C078334DFB96A875F7727E5F89296CF6:FG=1", version:0, domain:baidu.com, path:/, expiry:Tue Aug 03 00:31:56 CST 2021] Illegal 'domain' attribute "baidu.com". Domain of origin: "aip.baidubce.com" 
2020-08-03 00:31:56,146  WARN [main] (ResponseProcessCookies.java:123) - Cookie rejected [BAIDUID="99BFAF7EA2DE9837777994DD13989B8E:FG=1", version:0, domain:baidu.com, path:/, expiry:Fri Jan 01 07:55:55 CST 2038] Illegal 'domain' attribute "baidu.com". Domain of origin: "aip.baidubce.com" 
2020-08-03 00:31:56,290  INFO [SpringContextShutdownHook] (ExecutorConfigurationSupport.java:208) - Shutting down ExecutorService 'taskScheduler' 
2020-08-03 00:34:09,676  WARN [main] (DuplicateJsonObjectContextCustomizerFactory.java:78) - 

Found multiple occurrences of org.json.JSONObject on the class path:

	jar:file:/D:/maven/repository/org/json/json/20160810/json-20160810.jar!/org/json/JSONObject.class
	jar:file:/D:/maven/repository/com/vaadin/external/google/android-json/0.0.20131108.vaadin1/android-json-0.0.20131108.vaadin1.jar!/org/json/JSONObject.class

You may wish to exclude one of them to ensure predictable runtime behavior
 
2020-08-03 00:34:09,689  INFO [main] (StartupInfoLogger.java:55) - Starting OcrTest on luna with PID 8632 (started by improve in D:\myproject\luna-commons-loc\luna-commons-baidu) 
2020-08-03 00:34:09,690  INFO [main] (SpringApplication.java:655) - The following profiles are active: dev 
2020-08-03 00:34:10,063  INFO [main] (RepositoryConfigurationDelegate.java:249) - Multiple Spring Data modules found, entering strict repository configuration mode! 
2020-08-03 00:34:10,066  INFO [main] (RepositoryConfigurationDelegate.java:127) - Bootstrapping Spring Data Redis repositories in DEFAULT mode. 
2020-08-03 00:34:10,097  INFO [main] (RepositoryConfigurationDelegate.java:187) - Finished Spring Data repository scanning in 16ms. Found 0 Redis repository interfaces. 
2020-08-03 00:34:10,978  INFO [main] (ExecutorConfigurationSupport.java:171) - Initializing ExecutorService 'taskScheduler' 
2020-08-03 00:34:11,036  INFO [main] (StartupInfoLogger.java:61) - Started OcrTest in 3.049 seconds (JVM running for 4.004) 
2020-08-03 00:34:13,061  WARN [main] (ResponseProcessCookies.java:123) - Cookie rejected [BAIDUID="7569BE01A917608F3E549E2A808377C9:FG=1", version:0, domain:baidu.com, path:/, expiry:Tue Aug 03 00:34:13 CST 2021] Illegal 'domain' attribute "baidu.com". Domain of origin: "aip.baidubce.com" 
2020-08-03 00:34:13,062  WARN [main] (ResponseProcessCookies.java:123) - Cookie rejected [BAIDUID="44593B3FCC9B8F4BFA5D4BC90F0BCA71:FG=1", version:0, domain:baidu.com, path:/, expiry:Fri Jan 01 07:55:55 CST 2038] Illegal 'domain' attribute "baidu.com". Domain of origin: "aip.baidubce.com" 
2020-08-03 00:34:13,206  INFO [SpringContextShutdownHook] (ExecutorConfigurationSupport.java:208) - Shutting down ExecutorService 'taskScheduler' 
2020-08-03 00:39:18,409  WARN [main] (DuplicateJsonObjectContextCustomizerFactory.java:78) - 

Found multiple occurrences of org.json.JSONObject on the class path:

	jar:file:/D:/maven/repository/org/json/json/20160810/json-20160810.jar!/org/json/JSONObject.class
	jar:file:/D:/maven/repository/com/vaadin/external/google/android-json/0.0.20131108.vaadin1/android-json-0.0.20131108.vaadin1.jar!/org/json/JSONObject.class

You may wish to exclude one of them to ensure predictable runtime behavior
 
2020-08-03 00:39:18,422  INFO [main] (StartupInfoLogger.java:55) - Starting OcrTest on luna with PID 6772 (started by improve in D:\myproject\luna-commons-loc\luna-commons-baidu) 
2020-08-03 00:39:18,422  INFO [main] (SpringApplication.java:655) - The following profiles are active: dev 
2020-08-03 00:39:18,802  INFO [main] (RepositoryConfigurationDelegate.java:249) - Multiple Spring Data modules found, entering strict repository configuration mode! 
2020-08-03 00:39:18,806  INFO [main] (RepositoryConfigurationDelegate.java:127) - Bootstrapping Spring Data Redis repositories in DEFAULT mode. 
2020-08-03 00:39:18,840  INFO [main] (RepositoryConfigurationDelegate.java:187) - Finished Spring Data repository scanning in 16ms. Found 0 Redis repository interfaces. 
2020-08-03 00:39:19,721  INFO [main] (ExecutorConfigurationSupport.java:171) - Initializing ExecutorService 'taskScheduler' 
2020-08-03 00:39:19,782  INFO [main] (StartupInfoLogger.java:61) - Started OcrTest in 4.846 seconds (JVM running for 5.898) 
2020-08-03 00:39:21,705  WARN [main] (ResponseProcessCookies.java:123) - Cookie rejected [BAIDUID="7029C3EE2DA4B77D40D9C06458880E9A:FG=1", version:0, domain:baidu.com, path:/, expiry:Tue Aug 03 00:39:21 CST 2021] Illegal 'domain' attribute "baidu.com". Domain of origin: "aip.baidubce.com" 
2020-08-03 00:39:21,706  WARN [main] (ResponseProcessCookies.java:123) - Cookie rejected [BAIDUID="32AABFDF5DED7CCC975011C7FFDD26D6:FG=1", version:0, domain:baidu.com, path:/, expiry:Fri Jan 01 07:55:55 CST 2038] Illegal 'domain' attribute "baidu.com". Domain of origin: "aip.baidubce.com" 
2020-08-03 00:39:21,851  INFO [SpringContextShutdownHook] (ExecutorConfigurationSupport.java:208) - Shutting down ExecutorService 'taskScheduler' 
2020-08-03 00:39:49,061  WARN [main] (DuplicateJsonObjectContextCustomizerFactory.java:78) - 

Found multiple occurrences of org.json.JSONObject on the class path:

	jar:file:/D:/maven/repository/org/json/json/20160810/json-20160810.jar!/org/json/JSONObject.class
	jar:file:/D:/maven/repository/com/vaadin/external/google/android-json/0.0.20131108.vaadin1/android-json-0.0.20131108.vaadin1.jar!/org/json/JSONObject.class

You may wish to exclude one of them to ensure predictable runtime behavior
 
2020-08-03 00:39:49,080  INFO [main] (StartupInfoLogger.java:55) - Starting OcrTest on luna with PID 15904 (started by improve in D:\myproject\luna-commons-loc\luna-commons-baidu) 
2020-08-03 00:39:49,081  INFO [main] (SpringApplication.java:655) - The following profiles are active: dev 
2020-08-03 00:39:49,510  INFO [main] (RepositoryConfigurationDelegate.java:249) - Multiple Spring Data modules found, entering strict repository configuration mode! 
2020-08-03 00:39:49,513  INFO [main] (RepositoryConfigurationDelegate.java:127) - Bootstrapping Spring Data Redis repositories in DEFAULT mode. 
2020-08-03 00:39:49,548  INFO [main] (RepositoryConfigurationDelegate.java:187) - Finished Spring Data repository scanning in 18ms. Found 0 Redis repository interfaces. 
2020-08-03 00:39:50,772  INFO [main] (ExecutorConfigurationSupport.java:171) - Initializing ExecutorService 'taskScheduler' 
2020-08-03 00:39:50,826  INFO [main] (StartupInfoLogger.java:61) - Started OcrTest in 3.667 seconds (JVM running for 4.765) 
2020-08-03 00:39:52,653  WARN [main] (ResponseProcessCookies.java:123) - Cookie rejected [BAIDUID="81487436CEFECEDC687B7D6884ADDA8D:FG=1", version:0, domain:baidu.com, path:/, expiry:Tue Aug 03 00:39:52 CST 2021] Illegal 'domain' attribute "baidu.com". Domain of origin: "aip.baidubce.com" 
2020-08-03 00:39:52,653  WARN [main] (ResponseProcessCookies.java:123) - Cookie rejected [BAIDUID="D33C63BF33CD53606E9A0F0062EBFE8F:FG=1", version:0, domain:baidu.com, path:/, expiry:Fri Jan 01 07:55:55 CST 2038] Illegal 'domain' attribute "baidu.com". Domain of origin: "aip.baidubce.com" 
2020-08-03 00:39:52,852  INFO [SpringContextShutdownHook] (ExecutorConfigurationSupport.java:208) - Shutting down ExecutorService 'taskScheduler' 
2020-08-03 00:40:08,875  WARN [main] (DuplicateJsonObjectContextCustomizerFactory.java:78) - 

Found multiple occurrences of org.json.JSONObject on the class path:

	jar:file:/D:/maven/repository/org/json/json/20160810/json-20160810.jar!/org/json/JSONObject.class
	jar:file:/D:/maven/repository/com/vaadin/external/google/android-json/0.0.20131108.vaadin1/android-json-0.0.20131108.vaadin1.jar!/org/json/JSONObject.class

You may wish to exclude one of them to ensure predictable runtime behavior
 
2020-08-03 00:40:08,888  INFO [main] (StartupInfoLogger.java:55) - Starting OcrTest on luna with PID 10864 (started by improve in D:\myproject\luna-commons-loc\luna-commons-baidu) 
2020-08-03 00:40:08,888  INFO [main] (SpringApplication.java:655) - The following profiles are active: dev 
2020-08-03 00:40:09,266  INFO [main] (RepositoryConfigurationDelegate.java:249) - Multiple Spring Data modules found, entering strict repository configuration mode! 
2020-08-03 00:40:09,269  INFO [main] (RepositoryConfigurationDelegate.java:127) - Bootstrapping Spring Data Redis repositories in DEFAULT mode. 
2020-08-03 00:40:09,298  INFO [main] (RepositoryConfigurationDelegate.java:187) - Finished Spring Data repository scanning in 14ms. Found 0 Redis repository interfaces. 
2020-08-03 00:40:10,168  INFO [main] (ExecutorConfigurationSupport.java:171) - Initializing ExecutorService 'taskScheduler' 
2020-08-03 00:40:10,221  INFO [main] (StartupInfoLogger.java:61) - Started OcrTest in 3.188 seconds (JVM running for 4.219) 
2020-08-03 00:40:12,094  WARN [main] (ResponseProcessCookies.java:123) - Cookie rejected [BAIDUID="9F0A617F3B8E13A62524CE28295E6127:FG=1", version:0, domain:baidu.com, path:/, expiry:Tue Aug 03 00:40:12 CST 2021] Illegal 'domain' attribute "baidu.com". Domain of origin: "aip.baidubce.com" 
2020-08-03 00:40:12,095  WARN [main] (ResponseProcessCookies.java:123) - Cookie rejected [BAIDUID="472772214E27851B1B8D3B325274FE41:FG=1", version:0, domain:baidu.com, path:/, expiry:Fri Jan 01 07:55:55 CST 2038] Illegal 'domain' attribute "baidu.com". Domain of origin: "aip.baidubce.com" 
2020-08-03 00:40:12,292  INFO [SpringContextShutdownHook] (ExecutorConfigurationSupport.java:208) - Shutting down ExecutorService 'taskScheduler' 
2020-08-03 00:40:40,398  WARN [main] (DuplicateJsonObjectContextCustomizerFactory.java:78) - 

Found multiple occurrences of org.json.JSONObject on the class path:

	jar:file:/D:/maven/repository/org/json/json/20160810/json-20160810.jar!/org/json/JSONObject.class
	jar:file:/D:/maven/repository/com/vaadin/external/google/android-json/0.0.20131108.vaadin1/android-json-0.0.20131108.vaadin1.jar!/org/json/JSONObject.class

You may wish to exclude one of them to ensure predictable runtime behavior
 
2020-08-03 00:40:40,412  INFO [main] (StartupInfoLogger.java:55) - Starting OcrTest on luna with PID 3908 (started by improve in D:\myproject\luna-commons-loc\luna-commons-baidu) 
2020-08-03 00:40:40,412  INFO [main] (SpringApplication.java:655) - The following profiles are active: dev 
2020-08-03 00:40:40,936  INFO [main] (RepositoryConfigurationDelegate.java:249) - Multiple Spring Data modules found, entering strict repository configuration mode! 
2020-08-03 00:40:40,939  INFO [main] (RepositoryConfigurationDelegate.java:127) - Bootstrapping Spring Data Redis repositories in DEFAULT mode. 
2020-08-03 00:40:40,976  INFO [main] (RepositoryConfigurationDelegate.java:187) - Finished Spring Data repository scanning in 19ms. Found 0 Redis repository interfaces. 
2020-08-03 00:40:41,890  INFO [main] (ExecutorConfigurationSupport.java:171) - Initializing ExecutorService 'taskScheduler' 
2020-08-03 00:40:41,952  INFO [main] (StartupInfoLogger.java:61) - Started OcrTest in 3.328 seconds (JVM running for 4.375) 
2020-08-03 00:40:43,850  WARN [main] (ResponseProcessCookies.java:123) - Cookie rejected [BAIDUID="F5A8E2B9FB8600277C2EA6CF68975DA6:FG=1", version:0, domain:baidu.com, path:/, expiry:Tue Aug 03 00:40:43 CST 2021] Illegal 'domain' attribute "baidu.com". Domain of origin: "aip.baidubce.com" 
2020-08-03 00:40:43,850  WARN [main] (ResponseProcessCookies.java:123) - Cookie rejected [BAIDUID="ED01418CEF03474FCCA6E45D513D8B3D:FG=1", version:0, domain:baidu.com, path:/, expiry:Fri Jan 01 07:55:55 CST 2038] Illegal 'domain' attribute "baidu.com". Domain of origin: "aip.baidubce.com" 
2020-08-03 00:40:44,049  INFO [SpringContextShutdownHook] (ExecutorConfigurationSupport.java:208) - Shutting down ExecutorService 'taskScheduler' 
