2020-07-17 14:52:41,567  WARN [main] (DuplicateJsonObjectContextCustomizerFactory.java:78) - 

Found multiple occurrences of org.json.JSONObject on the class path:

	jar:file:/D:/maven/repository/org/json/json/20160810/json-20160810.jar!/org/json/JSONObject.class
	jar:file:/D:/maven/repository/com/vaadin/external/google/android-json/0.0.20131108.vaadin1/android-json-0.0.20131108.vaadin1.jar!/org/json/JSONObject.class

You may wish to exclude one of them to ensure predictable runtime behavior
 
2020-07-17 14:52:41,581  INFO [main] (StartupInfoLogger.java:55) - Starting OcrTest on luna with PID 15680 (started by improve in D:\myproject\luna-commons-loc\luna-commons-baidu) 
2020-07-17 14:52:41,581  INFO [main] (SpringApplication.java:655) - The following profiles are active: dev 
2020-07-17 14:52:41,956  INFO [main] (RepositoryConfigurationDelegate.java:249) - Multiple Spring Data modules found, entering strict repository configuration mode! 
2020-07-17 14:52:41,959  INFO [main] (RepositoryConfigurationDelegate.java:127) - Bootstrapping Spring Data Redis repositories in DEFAULT mode. 
2020-07-17 14:52:41,994  INFO [main] (RepositoryConfigurationDelegate.java:187) - Finished Spring Data repository scanning in 16ms. Found 0 Redis repository interfaces. 
2020-07-17 14:52:42,883  INFO [main] (ExecutorConfigurationSupport.java:171) - Initializing ExecutorService 'taskScheduler' 
2020-07-17 14:52:42,923  INFO [main] (StartupInfoLogger.java:61) - Started OcrTest in 6.809 seconds (JVM running for 7.977) 
2020-07-17 14:52:43,114  INFO [main] (GetBaiduKey.java:42) - 执行定时任务获取百度Key 
2020-07-17 14:52:44,493  INFO [main] (GetBaiduKey.java:79) - get token success！ 
2020-07-17 14:52:44,505  INFO [SpringContextShutdownHook] (ExecutorConfigurationSupport.java:208) - Shutting down ExecutorService 'taskScheduler' 
2020-07-17 19:37:48,202  WARN [main] (DuplicateJsonObjectContextCustomizerFactory.java:78) - 

Found multiple occurrences of org.json.JSONObject on the class path:

	jar:file:/D:/maven/repository/org/json/json/20160810/json-20160810.jar!/org/json/JSONObject.class
	jar:file:/D:/maven/repository/com/vaadin/external/google/android-json/0.0.20131108.vaadin1/android-json-0.0.20131108.vaadin1.jar!/org/json/JSONObject.class

You may wish to exclude one of them to ensure predictable runtime behavior
 
2020-07-17 19:37:48,215  INFO [main] (StartupInfoLogger.java:55) - Starting OcrTest on luna with PID 13432 (started by improve in D:\myproject\luna-commons-loc\luna-commons-baidu) 
2020-07-17 19:37:48,216  INFO [main] (SpringApplication.java:655) - The following profiles are active: dev 
2020-07-17 19:37:48,568  INFO [main] (RepositoryConfigurationDelegate.java:249) - Multiple Spring Data modules found, entering strict repository configuration mode! 
2020-07-17 19:37:48,570  INFO [main] (RepositoryConfigurationDelegate.java:127) - Bootstrapping Spring Data Redis repositories in DEFAULT mode. 
2020-07-17 19:37:48,600  INFO [main] (RepositoryConfigurationDelegate.java:187) - Finished Spring Data repository scanning in 15ms. Found 0 Redis repository interfaces. 
2020-07-17 19:37:49,459  INFO [main] (ExecutorConfigurationSupport.java:171) - Initializing ExecutorService 'taskScheduler' 
2020-07-17 19:37:49,510  INFO [main] (StartupInfoLogger.java:61) - Started OcrTest in 5.146 seconds (JVM running for 7.703) 
2020-07-17 19:37:55,627  INFO [SpringContextShutdownHook] (ExecutorConfigurationSupport.java:208) - Shutting down ExecutorService 'taskScheduler' 
