2020-08-22 22:17:30,669  INFO [main] (StartupInfoLogger.java:55) - Starting ExcelTest on luna with PID 8368 (started by improve in D:\myproject\luna-commons-loc\luna-commons-file) 
2020-08-22 22:17:30,671  INFO [main] (SpringApplication.java:655) - The following profiles are active: dev 
2020-08-22 22:17:31,334  INFO [main] (RepositoryConfigurationDelegate.java:249) - Multiple Spring Data modules found, entering strict repository configuration mode! 
2020-08-22 22:17:31,337  INFO [main] (RepositoryConfigurationDelegate.java:127) - Bootstrapping Spring Data Redis repositories in DEFAULT mode. 
2020-08-22 22:17:31,373  INFO [main] (RepositoryConfigurationDelegate.java:187) - Finished Spring Data repository scanning in 19ms. Found 0 Redis repository interfaces. 
2020-08-22 22:17:32,428  INFO [main] (ExecutorConfigurationSupport.java:171) - Initializing ExecutorService 'applicationTaskExecutor' 
2020-08-22 22:17:33,786  INFO [main] (StartupInfoLogger.java:61) - Started ExcelTest in 7.012 seconds (JVM running for 8.237) 
2020-08-22 22:17:34,044  INFO [main] (ExcelUtils.java:99) - readExcel start filePath=D:\user-improve\SchoolAffairsRecords\(线下考试部分)2020年春学期期末考试日程安排汇总表.xlsx 
2020-08-22 22:17:34,950  INFO [SpringContextShutdownHook] (ExecutorConfigurationSupport.java:208) - Shutting down ExecutorService 'applicationTaskExecutor' 
2020-08-22 22:18:45,961  INFO [main] (StartupInfoLogger.java:55) - Starting ExcelTest on luna with PID 17108 (started by improve in D:\myproject\luna-commons-loc\luna-commons-file) 
2020-08-22 22:18:45,964  INFO [main] (SpringApplication.java:655) - The following profiles are active: dev 
2020-08-22 22:18:46,982  INFO [main] (RepositoryConfigurationDelegate.java:249) - Multiple Spring Data modules found, entering strict repository configuration mode! 
2020-08-22 22:18:46,986  INFO [main] (RepositoryConfigurationDelegate.java:127) - Bootstrapping Spring Data Redis repositories in DEFAULT mode. 
2020-08-22 22:18:47,026  INFO [main] (RepositoryConfigurationDelegate.java:187) - Finished Spring Data repository scanning in 20ms. Found 0 Redis repository interfaces. 
2020-08-22 22:18:48,102  INFO [main] (ExecutorConfigurationSupport.java:171) - Initializing ExecutorService 'applicationTaskExecutor' 
2020-08-22 22:18:49,464  INFO [main] (StartupInfoLogger.java:61) - Started ExcelTest in 6.119 seconds (JVM running for 7.274) 
2020-08-22 22:18:50,377  INFO [SpringContextShutdownHook] (ExecutorConfigurationSupport.java:208) - Shutting down ExecutorService 'applicationTaskExecutor' 
2020-08-22 22:19:22,469  INFO [main] (StartupInfoLogger.java:55) - Starting ExcelTest on luna with PID 4744 (started by improve in D:\myproject\luna-commons-loc\luna-commons-file) 
2020-08-22 22:19:22,470  INFO [main] (SpringApplication.java:655) - The following profiles are active: dev 
2020-08-22 22:19:23,727  INFO [main] (RepositoryConfigurationDelegate.java:249) - Multiple Spring Data modules found, entering strict repository configuration mode! 
2020-08-22 22:19:23,733  INFO [main] (RepositoryConfigurationDelegate.java:127) - Bootstrapping Spring Data Redis repositories in DEFAULT mode. 
2020-08-22 22:19:23,793  INFO [main] (RepositoryConfigurationDelegate.java:187) - Finished Spring Data repository scanning in 34ms. Found 0 Redis repository interfaces. 
2020-08-22 22:19:25,140  INFO [main] (ExecutorConfigurationSupport.java:171) - Initializing ExecutorService 'applicationTaskExecutor' 
2020-08-22 22:19:26,760  INFO [main] (StartupInfoLogger.java:61) - Started ExcelTest in 6.562 seconds (JVM running for 7.626) 
2020-08-22 22:19:28,078  INFO [SpringContextShutdownHook] (ExecutorConfigurationSupport.java:208) - Shutting down ExecutorService 'applicationTaskExecutor' 
