2020-07-16 16:26:25,376  INFO [main] (StartupInfoLogger.java:55) - Starting AliPayTest on luna with PID 15448 (started by improve in D:\myproject\luna-commons-loc\luna-commons-ali) 
2020-07-16 16:26:25,377  INFO [main] (SpringApplication.java:655) - The following profiles are active: dev 
2020-07-16 16:26:25,724  INFO [main] (RepositoryConfigurationDelegate.java:249) - Multiple Spring Data modules found, entering strict repository configuration mode! 
2020-07-16 16:26:25,727  INFO [main] (RepositoryConfigurationDelegate.java:127) - Bootstrapping Spring Data Redis repositories in DEFAULT mode. 
2020-07-16 16:26:25,756  INFO [main] (RepositoryConfigurationDelegate.java:187) - Finished Spring Data repository scanning in 13ms. Found 0 Redis repository interfaces. 
2020-07-16 16:26:26,709  INFO [main] (StartupInfoLogger.java:61) - Started AliPayTest in 5.998 seconds (JVM running for 8.549) 
2020-07-16 16:27:19,843  INFO [main] (StartupInfoLogger.java:55) - Starting AliPayTest on luna with PID 12344 (started by improve in D:\myproject\luna-commons-loc\luna-commons-ali) 
2020-07-16 16:27:19,845  INFO [main] (SpringApplication.java:655) - The following profiles are active: dev 
2020-07-16 16:27:20,225  INFO [main] (RepositoryConfigurationDelegate.java:249) - Multiple Spring Data modules found, entering strict repository configuration mode! 
2020-07-16 16:27:20,228  INFO [main] (RepositoryConfigurationDelegate.java:127) - Bootstrapping Spring Data Redis repositories in DEFAULT mode. 
2020-07-16 16:27:20,257  INFO [main] (RepositoryConfigurationDelegate.java:187) - Finished Spring Data repository scanning in 13ms. Found 0 Redis repository interfaces. 
2020-07-16 16:27:21,189  INFO [main] (StartupInfoLogger.java:61) - Started AliPayTest in 6.593 seconds (JVM running for 7.623) 
2020-07-16 16:27:38,183  INFO [main] (StartupInfoLogger.java:55) - Starting AliPayTest on luna with PID 12992 (started by improve in D:\myproject\luna-commons-loc\luna-commons-ali) 
2020-07-16 16:27:38,184  INFO [main] (SpringApplication.java:655) - The following profiles are active: dev 
2020-07-16 16:27:38,564  INFO [main] (RepositoryConfigurationDelegate.java:249) - Multiple Spring Data modules found, entering strict repository configuration mode! 
2020-07-16 16:27:38,566  INFO [main] (RepositoryConfigurationDelegate.java:127) - Bootstrapping Spring Data Redis repositories in DEFAULT mode. 
2020-07-16 16:27:38,593  INFO [main] (RepositoryConfigurationDelegate.java:187) - Finished Spring Data repository scanning in 13ms. Found 0 Redis repository interfaces. 
2020-07-16 16:27:39,526  INFO [main] (StartupInfoLogger.java:61) - Started AliPayTest in 5.385 seconds (JVM running for 6.449) 
2020-07-16 16:29:29,476  INFO [main] (StartupInfoLogger.java:55) - Starting AliPayTest on luna with PID 2480 (started by improve in D:\myproject\luna-commons-loc\luna-commons-ali) 
2020-07-16 16:29:29,477  INFO [main] (SpringApplication.java:655) - The following profiles are active: dev 
2020-07-16 16:29:29,838  INFO [main] (RepositoryConfigurationDelegate.java:249) - Multiple Spring Data modules found, entering strict repository configuration mode! 
2020-07-16 16:29:29,840  INFO [main] (RepositoryConfigurationDelegate.java:127) - Bootstrapping Spring Data Redis repositories in DEFAULT mode. 
2020-07-16 16:29:29,870  INFO [main] (RepositoryConfigurationDelegate.java:187) - Finished Spring Data repository scanning in 14ms. Found 0 Redis repository interfaces. 
2020-07-16 16:29:30,814  INFO [main] (StartupInfoLogger.java:61) - Started AliPayTest in 5.262 seconds (JVM running for 7.226) 
2020-07-16 16:33:42,477  INFO [main] (StartupInfoLogger.java:55) - Starting AliPayTest on luna with PID 18088 (started by improve in D:\myproject\luna-commons-loc\luna-commons-ali) 
2020-07-16 16:33:42,478  INFO [main] (SpringApplication.java:655) - The following profiles are active: dev 
2020-07-16 16:33:42,862  INFO [main] (RepositoryConfigurationDelegate.java:249) - Multiple Spring Data modules found, entering strict repository configuration mode! 
2020-07-16 16:33:42,865  INFO [main] (RepositoryConfigurationDelegate.java:127) - Bootstrapping Spring Data Redis repositories in DEFAULT mode. 
2020-07-16 16:33:42,895  INFO [main] (RepositoryConfigurationDelegate.java:187) - Finished Spring Data repository scanning in 14ms. Found 0 Redis repository interfaces. 
2020-07-16 16:33:43,849  INFO [main] (StartupInfoLogger.java:61) - Started AliPayTest in 5.429 seconds (JVM running for 6.569) 
2020-07-16 16:35:38,131  INFO [main] (StartupInfoLogger.java:55) - Starting AliPayTest on luna with PID 17788 (started by improve in D:\myproject\luna-commons-loc\luna-commons-ali) 
2020-07-16 16:35:38,132  INFO [main] (SpringApplication.java:655) - The following profiles are active: dev 
2020-07-16 16:35:38,525  INFO [main] (RepositoryConfigurationDelegate.java:249) - Multiple Spring Data modules found, entering strict repository configuration mode! 
2020-07-16 16:35:38,529  INFO [main] (RepositoryConfigurationDelegate.java:127) - Bootstrapping Spring Data Redis repositories in DEFAULT mode. 
2020-07-16 16:35:38,558  INFO [main] (RepositoryConfigurationDelegate.java:187) - Finished Spring Data repository scanning in 14ms. Found 0 Redis repository interfaces. 
2020-07-16 16:35:39,506  INFO [main] (StartupInfoLogger.java:61) - Started AliPayTest in 9.696 seconds (JVM running for 10.755) 
2020-07-16 16:36:22,962  INFO [main] (StartupInfoLogger.java:55) - Starting AliPayTest on luna with PID 1492 (started by improve in D:\myproject\luna-commons-loc\luna-commons-ali) 
2020-07-16 16:36:22,963  INFO [main] (SpringApplication.java:655) - The following profiles are active: dev 
2020-07-16 16:36:23,354  INFO [main] (RepositoryConfigurationDelegate.java:249) - Multiple Spring Data modules found, entering strict repository configuration mode! 
2020-07-16 16:36:23,357  INFO [main] (RepositoryConfigurationDelegate.java:127) - Bootstrapping Spring Data Redis repositories in DEFAULT mode. 
2020-07-16 16:36:23,388  INFO [main] (RepositoryConfigurationDelegate.java:187) - Finished Spring Data repository scanning in 15ms. Found 0 Redis repository interfaces. 
2020-07-16 16:36:24,374  INFO [main] (StartupInfoLogger.java:61) - Started AliPayTest in 4.772 seconds (JVM running for 5.867) 
2020-07-16 16:40:09,932  INFO [main] (StartupInfoLogger.java:55) - Starting AliPayTest on luna with PID 7512 (started by improve in D:\myproject\luna-commons-loc\luna-commons-ali) 
2020-07-16 16:40:09,933  INFO [main] (SpringApplication.java:655) - The following profiles are active: dev 
2020-07-16 16:40:10,322  INFO [main] (RepositoryConfigurationDelegate.java:249) - Multiple Spring Data modules found, entering strict repository configuration mode! 
2020-07-16 16:40:10,326  INFO [main] (RepositoryConfigurationDelegate.java:127) - Bootstrapping Spring Data Redis repositories in DEFAULT mode. 
2020-07-16 16:40:10,358  INFO [main] (RepositoryConfigurationDelegate.java:187) - Finished Spring Data repository scanning in 16ms. Found 0 Redis repository interfaces. 
2020-07-16 16:40:11,364  INFO [main] (StartupInfoLogger.java:61) - Started AliPayTest in 5.959 seconds (JVM running for 7.359) 
2020-07-16 16:40:46,885  INFO [main] (StartupInfoLogger.java:55) - Starting AliPayTest on luna with PID 2624 (started by improve in D:\myproject\luna-commons-loc\luna-commons-ali) 
2020-07-16 16:40:46,886  INFO [main] (SpringApplication.java:655) - The following profiles are active: dev 
2020-07-16 16:40:47,306  INFO [main] (RepositoryConfigurationDelegate.java:249) - Multiple Spring Data modules found, entering strict repository configuration mode! 
2020-07-16 16:40:47,312  INFO [main] (RepositoryConfigurationDelegate.java:127) - Bootstrapping Spring Data Redis repositories in DEFAULT mode. 
2020-07-16 16:40:47,343  INFO [main] (RepositoryConfigurationDelegate.java:187) - Finished Spring Data repository scanning in 15ms. Found 0 Redis repository interfaces. 
2020-07-16 16:40:48,325  INFO [main] (StartupInfoLogger.java:61) - Started AliPayTest in 7.157 seconds (JVM running for 8.323) 
