2020-07-27 17:44:10,686  INFO [main] (StartupInfoLogger.java:55) - Starting AliPayTest on luna with PID 10276 (started by improve in D:\myproject\luna-commons-loc\luna-commons-ali) 
2020-07-27 17:44:10,688  INFO [main] (SpringApplication.java:655) - The following profiles are active: dev 
2020-07-27 17:44:11,053  INFO [main] (RepositoryConfigurationDelegate.java:249) - Multiple Spring Data modules found, entering strict repository configuration mode! 
2020-07-27 17:44:11,055  INFO [main] (RepositoryConfigurationDelegate.java:127) - Bootstrapping Spring Data Redis repositories in DEFAULT mode. 
2020-07-27 17:44:11,087  INFO [main] (RepositoryConfigurationDelegate.java:187) - Finished Spring Data repository scanning in 15ms. Found 0 Redis repository interfaces. 
2020-07-27 17:44:11,942  INFO [main] (StartupInfoLogger.java:61) - Started AliPayTest in 5.092 seconds (JVM running for 7.162) 
2020-07-27 17:47:04,927  INFO [main] (StartupInfoLogger.java:55) - Starting AliPayTest on luna with PID 19332 (started by improve in D:\myproject\luna-commons-loc\luna-commons-ali) 
2020-07-27 17:47:04,929  INFO [main] (SpringApplication.java:655) - The following profiles are active: dev 
2020-07-27 17:47:05,306  INFO [main] (RepositoryConfigurationDelegate.java:249) - Multiple Spring Data modules found, entering strict repository configuration mode! 
2020-07-27 17:47:05,309  INFO [main] (RepositoryConfigurationDelegate.java:127) - Bootstrapping Spring Data Redis repositories in DEFAULT mode. 
2020-07-27 17:47:05,342  INFO [main] (RepositoryConfigurationDelegate.java:187) - Finished Spring Data repository scanning in 17ms. Found 0 Redis repository interfaces. 
2020-07-27 17:47:06,265  INFO [main] (StartupInfoLogger.java:61) - Started AliPayTest in 4.03 seconds (JVM running for 5.059) 
2020-07-27 17:47:24,761  INFO [main] (StartupInfoLogger.java:55) - Starting AliPayTest on luna with PID 7812 (started by improve in D:\myproject\luna-commons-loc\luna-commons-ali) 
2020-07-27 17:47:24,762  INFO [main] (SpringApplication.java:655) - The following profiles are active: dev 
2020-07-27 17:47:25,139  INFO [main] (RepositoryConfigurationDelegate.java:249) - Multiple Spring Data modules found, entering strict repository configuration mode! 
2020-07-27 17:47:25,141  INFO [main] (RepositoryConfigurationDelegate.java:127) - Bootstrapping Spring Data Redis repositories in DEFAULT mode. 
2020-07-27 17:47:25,171  INFO [main] (RepositoryConfigurationDelegate.java:187) - Finished Spring Data repository scanning in 15ms. Found 0 Redis repository interfaces. 
2020-07-27 17:47:26,072  INFO [main] (StartupInfoLogger.java:61) - Started AliPayTest in 3.942 seconds (JVM running for 4.993) 
2020-07-27 17:49:12,126  INFO [main] (StartupInfoLogger.java:55) - Starting AliPayTest on luna with PID 6472 (started by improve in D:\myproject\luna-commons-loc\luna-commons-ali) 
2020-07-27 17:49:12,127  INFO [main] (SpringApplication.java:655) - The following profiles are active: dev 
2020-07-27 17:49:12,491  INFO [main] (RepositoryConfigurationDelegate.java:249) - Multiple Spring Data modules found, entering strict repository configuration mode! 
2020-07-27 17:49:12,493  INFO [main] (RepositoryConfigurationDelegate.java:127) - Bootstrapping Spring Data Redis repositories in DEFAULT mode. 
2020-07-27 17:49:12,525  INFO [main] (RepositoryConfigurationDelegate.java:187) - Finished Spring Data repository scanning in 16ms. Found 0 Redis repository interfaces. 
2020-07-27 17:49:13,390  INFO [main] (StartupInfoLogger.java:61) - Started AliPayTest in 4.725 seconds (JVM running for 5.751) 
2020-07-27 17:50:28,819  INFO [main] (StartupInfoLogger.java:55) - Starting AliPayTest on luna with PID 16456 (started by improve in D:\myproject\luna-commons-loc\luna-commons-ali) 
2020-07-27 17:50:28,820  INFO [main] (SpringApplication.java:655) - The following profiles are active: dev 
2020-07-27 17:50:29,198  INFO [main] (RepositoryConfigurationDelegate.java:249) - Multiple Spring Data modules found, entering strict repository configuration mode! 
2020-07-27 17:50:29,201  INFO [main] (RepositoryConfigurationDelegate.java:127) - Bootstrapping Spring Data Redis repositories in DEFAULT mode. 
2020-07-27 17:50:29,231  INFO [main] (RepositoryConfigurationDelegate.java:187) - Finished Spring Data repository scanning in 14ms. Found 0 Redis repository interfaces. 
2020-07-27 17:50:30,115  INFO [main] (StartupInfoLogger.java:61) - Started AliPayTest in 4.058 seconds (JVM running for 5.257) 
