2020-08-09 00:02:21,021  INFO [main] (StartupInfoLogger.java:55) - Starting SendMessage on luna with PID 12800 (started by improve in D:\myproject\luna-commons-loc\luna-commons-message) 
2020-08-09 00:02:21,023  INFO [main] (SpringApplication.java:655) - The following profiles are active: dev 
2020-08-09 00:02:21,496  INFO [main] (RepositoryConfigurationDelegate.java:249) - Multiple Spring Data modules found, entering strict repository configuration mode! 
2020-08-09 00:02:21,499  INFO [main] (RepositoryConfigurationDelegate.java:127) - Bootstrapping Spring Data Redis repositories in DEFAULT mode. 
2020-08-09 00:02:21,522  INFO [main] (RepositoryConfigurationDelegate.java:187) - Finished Spring Data repository scanning in 9ms. Found 0 Redis repository interfaces. 
2020-08-09 00:02:23,038  INFO [main] (StartupInfoLogger.java:61) - Started SendMessage in 13.07 seconds (JVM running for 14.182) 
2020-08-09 00:02:23,367  INFO [main] (MailWrapper.java:201) - sendEmail start emailDTO={"emailSmallDTO":{"content":"","subject":"","to":"15696756582@163.com","userName":"Luna"},"modelContentDTO":{"contents":{"copyRightName":"luna","emailContentBeforeOuterUser":"这是放在用户信息之前的介绍内容"},"outerName":"陈章月"},"modelName":"luna-message.html"} 
2020-08-09 00:02:23,421  INFO [main] (EmailModelBuild.java:41) - build model modelName=luna-message.html, modelContentDTO 
2020-08-09 00:02:23,421  INFO [main] (EmailModelBuild.java:101) - read model modelName=luna-message.html 
2020-08-09 00:02:23,465  INFO [main] (EmailModelBuild.java:90) - build model success modelName=luna-message.html, modelContentDTO 
2020-08-09 00:02:24,400  INFO [main] (MailWrapper.java:252) - sendEmail success emailDTO={"emailSmallDTO":{"content":"","subject":"","to":"15696756582@163.com","userName":"Luna"},"modelContentDTO":{"contents":{"copyRightName":"luna","emailContentBeforeOuterUser":"这是放在用户信息之前的介绍内容"},"outerName":"陈章月"},"modelName":"luna-message.html"} 
2020-08-09 00:07:34,306  INFO [main] (StartupInfoLogger.java:55) - Starting SendMessage on luna with PID 16196 (started by improve in D:\myproject\luna-commons-loc\luna-commons-message) 
2020-08-09 00:07:34,307  INFO [main] (SpringApplication.java:655) - The following profiles are active: dev 
2020-08-09 00:07:34,746  INFO [main] (RepositoryConfigurationDelegate.java:249) - Multiple Spring Data modules found, entering strict repository configuration mode! 
2020-08-09 00:07:34,748  INFO [main] (RepositoryConfigurationDelegate.java:127) - Bootstrapping Spring Data Redis repositories in DEFAULT mode. 
2020-08-09 00:07:34,772  INFO [main] (RepositoryConfigurationDelegate.java:187) - Finished Spring Data repository scanning in 9ms. Found 0 Redis repository interfaces. 
2020-08-09 00:07:36,272  INFO [main] (StartupInfoLogger.java:61) - Started SendMessage in 7.196 seconds (JVM running for 8.297) 
2020-08-09 00:07:36,594  INFO [main] (MailWrapper.java:201) - sendEmail start emailDTO={"emailSmallDTO":{"content":"","subject":"","to":"15696756582@163.com","userName":"Luna"},"modelContentDTO":{"contents":{"emailContentAfterOuterUser":"这是放在用户信息之后的内容","copyRightName":"luna","emailContentBeforeOuterUser":"这是放在用户信息之前的介绍内容"},"outerName":"陈章月"},"modelName":"luna-message.html"} 
2020-08-09 00:07:36,660  INFO [main] (EmailModelBuild.java:41) - build model modelName=luna-message.html, modelContentDTO={"contents":{"emailContentAfterOuterUser":"这是放在用户信息之后的内容","copyRightName":"luna","emailContentBeforeOuterUser":"这是放在用户信息之前的介绍内容"},"outerName":"陈章月"} 
2020-08-09 00:07:36,661  INFO [main] (EmailModelBuild.java:100) - read model modelName=luna-message.html 
2020-08-09 00:07:36,697  INFO [main] (EmailModelBuild.java:89) - build model success modelName=luna-message.html, modelContentDTO 
2020-08-09 00:07:37,666  INFO [main] (MailWrapper.java:252) - sendEmail success emailDTO={"emailSmallDTO":{"content":"","subject":"","to":"15696756582@163.com","userName":"Luna"},"modelContentDTO":{"contents":{"emailContentAfterOuterUser":"这是放在用户信息之后的内容","copyRightName":"luna","emailContentBeforeOuterUser":"这是放在用户信息之前的介绍内容"},"outerName":"陈章月"},"modelName":"luna-message.html"} 
2020-08-09 00:15:30,238  INFO [main] (StartupInfoLogger.java:55) - Starting SendMessage on luna with PID 14564 (started by improve in D:\myproject\luna-commons-loc\luna-commons-message) 
2020-08-09 00:15:30,239  INFO [main] (SpringApplication.java:655) - The following profiles are active: dev 
2020-08-09 00:15:30,677  INFO [main] (RepositoryConfigurationDelegate.java:249) - Multiple Spring Data modules found, entering strict repository configuration mode! 
2020-08-09 00:15:30,680  INFO [main] (RepositoryConfigurationDelegate.java:127) - Bootstrapping Spring Data Redis repositories in DEFAULT mode. 
2020-08-09 00:15:30,704  INFO [main] (RepositoryConfigurationDelegate.java:187) - Finished Spring Data repository scanning in 8ms. Found 0 Redis repository interfaces. 
2020-08-09 00:15:32,219  INFO [main] (StartupInfoLogger.java:61) - Started SendMessage in 13.701 seconds (JVM running for 14.763) 
2020-08-09 00:15:32,519  INFO [main] (MailWrapper.java:201) - sendEmail start emailDTO={"emailSmallDTO":{"content":"这是测试邮件","subject":"这是测试邮件","to":"15696756582@163.com","userName":"Luna"},"modelContentDTO":{"contents":{"emailContentAfterOuterUser":"这是放在用户信息之后的内容","copyRightName":"luna","emailContentBeforeOuterUser":"这是放在用户信息之前的介绍内容","#10fa81":"blue"},"outerName":"陈章月"},"modelName":"luna-message.html"} 
2020-08-09 00:15:32,618  INFO [main] (EmailModelBuild.java:41) - build model modelName=luna-message.html, modelContentDTO={"contents":{"emailContentAfterOuterUser":"这是放在用户信息之后的内容","copyRightName":"luna","emailContentBeforeOuterUser":"这是放在用户信息之前的介绍内容","#10fa81":"blue"},"outerName":"陈章月"} 
2020-08-09 00:15:32,619  INFO [main] (EmailModelBuild.java:100) - read model modelName=luna-message.html 
2020-08-09 00:15:32,620  INFO [main] (EmailModelBuild.java:89) - build model success modelName=luna-message.html, modelContentDTO 
2020-08-09 00:15:33,575  INFO [main] (MailWrapper.java:253) - sendEmail success emailDTO={"emailSmallDTO":{"content":"这是测试邮件","subject":"这是测试邮件","to":"15696756582@163.com","userName":"Luna"},"modelContentDTO":{"contents":{"emailContentAfterOuterUser":"这是放在用户信息之后的内容","copyRightName":"luna","emailContentBeforeOuterUser":"这是放在用户信息之前的介绍内容","#10fa81":"blue"},"outerName":"陈章月"},"modelName":"luna-message.html"} 
2020-08-09 00:21:52,948  INFO [main] (StartupInfoLogger.java:55) - Starting SendMessage on luna with PID 10352 (started by improve in D:\myproject\luna-commons-loc\luna-commons-message) 
2020-08-09 00:21:52,949  INFO [main] (SpringApplication.java:655) - The following profiles are active: dev 
2020-08-09 00:21:53,414  INFO [main] (RepositoryConfigurationDelegate.java:249) - Multiple Spring Data modules found, entering strict repository configuration mode! 
2020-08-09 00:21:53,417  INFO [main] (RepositoryConfigurationDelegate.java:127) - Bootstrapping Spring Data Redis repositories in DEFAULT mode. 
2020-08-09 00:21:53,442  INFO [main] (RepositoryConfigurationDelegate.java:187) - Finished Spring Data repository scanning in 9ms. Found 0 Redis repository interfaces. 
2020-08-09 00:21:54,951  INFO [main] (StartupInfoLogger.java:61) - Started SendMessage in 9.114 seconds (JVM running for 10.18) 
2020-08-09 00:21:55,266  INFO [main] (MailWrapper.java:201) - sendEmail start emailDTO={"emailSmallDTO":{"content":"这是测试邮件","subject":"这是测试邮件","to":"15696756582@163.com","userName":"Luna"},"modelContentDTO":{"contents":{"emailContentAfterOuterUser":"这是放在用户信息之后的内容","copyRightName":"luna","emailContentBeforeOuterUser":"这是放在用户信息之前的介绍内容","#10fa81":"blue"},"outerName":"陈章月"},"modelName":"luna-message.html"} 
2020-08-09 00:21:55,362  INFO [main] (EmailModelBuild.java:41) - build model modelName=luna-message.html, modelContentDTO={"contents":{"emailContentAfterOuterUser":"这是放在用户信息之后的内容","copyRightName":"luna","emailContentBeforeOuterUser":"这是放在用户信息之前的介绍内容","#10fa81":"blue"},"outerName":"陈章月"} 
2020-08-09 00:21:55,362  INFO [main] (EmailModelBuild.java:100) - read model modelName=luna-message.html 
2020-08-09 00:21:55,363  INFO [main] (EmailModelBuild.java:89) - build model success modelName=luna-message.html, modelContentDTO 
2020-08-09 00:21:56,314  INFO [main] (MailWrapper.java:253) - sendEmail success emailDTO={"emailSmallDTO":{"content":"这是测试邮件","subject":"这是测试邮件","to":"15696756582@163.com","userName":"Luna"},"modelContentDTO":{"contents":{"emailContentAfterOuterUser":"这是放在用户信息之后的内容","copyRightName":"luna","emailContentBeforeOuterUser":"这是放在用户信息之前的介绍内容","#10fa81":"blue"},"outerName":"陈章月"},"modelName":"luna-message.html"} 
2020-08-09 00:32:32,953  INFO [main] (StartupInfoLogger.java:55) - Starting SendMessage on luna with PID 13472 (started by improve in D:\myproject\luna-commons-loc\luna-commons-message) 
2020-08-09 00:32:32,954  INFO [main] (SpringApplication.java:655) - The following profiles are active: dev 
2020-08-09 00:32:33,444  INFO [main] (RepositoryConfigurationDelegate.java:249) - Multiple Spring Data modules found, entering strict repository configuration mode! 
2020-08-09 00:32:33,446  INFO [main] (RepositoryConfigurationDelegate.java:127) - Bootstrapping Spring Data Redis repositories in DEFAULT mode. 
2020-08-09 00:32:33,471  INFO [main] (RepositoryConfigurationDelegate.java:187) - Finished Spring Data repository scanning in 9ms. Found 0 Redis repository interfaces. 
2020-08-09 00:32:35,029  INFO [main] (StartupInfoLogger.java:61) - Started SendMessage in 15.458 seconds (JVM running for 16.708) 
2020-08-09 00:32:35,341  INFO [main] (MailWrapper.java:201) - sendEmail start emailDTO={"emailSmallDTO":{"content":"这是测试邮件","subject":"这是测试邮件","to":"15696756582@163.com","userName":"Luna"},"modelContentDTO":{"contents":{"emailContentAfterOuterUser":"这是放在用户信息之后的内容","copyRightName":"luna","emailContentBeforeOuterUser":"这是放在用户信息之前的介绍内容","#10fa81":"blue"},"outerName":"陈章月"},"modelName":"luna-message.html"} 
2020-08-09 00:32:35,428  INFO [main] (EmailModelBuild.java:41) - build model modelName=luna-message.html, modelContentDTO={"contents":{"emailContentAfterOuterUser":"这是放在用户信息之后的内容","copyRightName":"luna","emailContentBeforeOuterUser":"这是放在用户信息之前的介绍内容","#10fa81":"blue"},"outerName":"陈章月"} 
2020-08-09 00:32:35,428  INFO [main] (EmailModelBuild.java:92) - read model modelName=luna-message.html 
2020-08-09 00:32:35,429  INFO [main] (EmailModelBuild.java:81) - build model success modelName=luna-message.html, modelContentDTO 
2020-08-09 00:32:36,337  INFO [main] (MailWrapper.java:253) - sendEmail success emailDTO={"emailSmallDTO":{"content":"这是测试邮件","subject":"这是测试邮件","to":"15696756582@163.com","userName":"Luna"},"modelContentDTO":{"contents":{"emailContentAfterOuterUser":"这是放在用户信息之后的内容","copyRightName":"luna","emailContentBeforeOuterUser":"这是放在用户信息之前的介绍内容","#10fa81":"blue"},"outerName":"陈章月"},"modelName":"luna-message.html"} 
2020-08-09 00:37:38,831  INFO [main] (StartupInfoLogger.java:55) - Starting SendMessage on luna with PID 5464 (started by improve in D:\myproject\luna-commons-loc\luna-commons-message) 
2020-08-09 00:37:38,832  INFO [main] (SpringApplication.java:655) - The following profiles are active: dev 
2020-08-09 00:37:39,270  INFO [main] (RepositoryConfigurationDelegate.java:249) - Multiple Spring Data modules found, entering strict repository configuration mode! 
2020-08-09 00:37:39,272  INFO [main] (RepositoryConfigurationDelegate.java:127) - Bootstrapping Spring Data Redis repositories in DEFAULT mode. 
2020-08-09 00:37:39,295  INFO [main] (RepositoryConfigurationDelegate.java:187) - Finished Spring Data repository scanning in 9ms. Found 0 Redis repository interfaces. 
2020-08-09 00:37:40,792  INFO [main] (StartupInfoLogger.java:61) - Started SendMessage in 8.669 seconds (JVM running for 9.735) 
2020-08-09 00:37:41,111  INFO [main] (MailWrapper.java:201) - sendEmail start emailDTO={"emailSmallDTO":{"content":"这是测试邮件","subject":"这是测试邮件","to":"15696756582@163.com","userName":"Luna"},"modelContentDTO":{"contents":{"emailContentAfterOuterUser":"这个是logo图片噢","emailContentAfterOuterUserSrc":"https://gitee.com/Iszychen/luna/raw/master/img/20200808-162340-0536.png","copyRightName":"luna","emailContentBeforeOuterUser":"这是放在用户信息之前的介绍内容","#10fa81":"blue"},"outerName":"陈章月"},"modelName":"luna-message.html"} 
2020-08-09 00:37:41,218  INFO [main] (EmailModelBuild.java:41) - build model modelName=luna-message.html, modelContentDTO={"contents":{"emailContentAfterOuterUser":"这个是logo图片噢","emailContentAfterOuterUserSrc":"https://gitee.com/Iszychen/luna/raw/master/img/20200808-162340-0536.png","copyRightName":"luna","emailContentBeforeOuterUser":"这是放在用户信息之前的介绍内容","#10fa81":"blue"},"outerName":"陈章月"} 
2020-08-09 00:37:41,218  INFO [main] (EmailModelBuild.java:107) - read model modelName=luna-message.html 
2020-08-09 00:37:41,220  INFO [main] (EmailModelBuild.java:96) - build model success modelName=luna-message.html, modelContentDTO=com.luna.message.entity.ModelContentDTO@6801b414 
2020-08-09 00:37:42,287  INFO [main] (MailWrapper.java:253) - sendEmail success emailDTO={"emailSmallDTO":{"content":"这是测试邮件","subject":"这是测试邮件","to":"15696756582@163.com","userName":"Luna"},"modelContentDTO":{"contents":{"emailContentAfterOuterUser":"这个是logo图片噢","emailContentAfterOuterUserSrc":"https://gitee.com/Iszychen/luna/raw/master/img/20200808-162340-0536.png","copyRightName":"luna","emailContentBeforeOuterUser":"这是放在用户信息之前的介绍内容","#10fa81":"blue"},"outerName":"陈章月"},"modelName":"luna-message.html"} 
2020-08-09 00:38:30,027  INFO [main] (StartupInfoLogger.java:55) - Starting SendMessage on luna with PID 14532 (started by improve in D:\myproject\luna-commons-loc\luna-commons-message) 
2020-08-09 00:38:30,028  INFO [main] (SpringApplication.java:655) - The following profiles are active: dev 
2020-08-09 00:38:30,482  INFO [main] (RepositoryConfigurationDelegate.java:249) - Multiple Spring Data modules found, entering strict repository configuration mode! 
2020-08-09 00:38:30,485  INFO [main] (RepositoryConfigurationDelegate.java:127) - Bootstrapping Spring Data Redis repositories in DEFAULT mode. 
2020-08-09 00:38:30,508  INFO [main] (RepositoryConfigurationDelegate.java:187) - Finished Spring Data repository scanning in 8ms. Found 0 Redis repository interfaces. 
2020-08-09 00:38:32,231  INFO [main] (StartupInfoLogger.java:61) - Started SendMessage in 10.245 seconds (JVM running for 11.273) 
2020-08-09 00:38:32,564  INFO [main] (MailWrapper.java:201) - sendEmail start emailDTO={"emailSmallDTO":{"content":"这是测试邮件","subject":"这是测试邮件","to":"15696756582@163.com","userName":"Luna"},"modelContentDTO":{"contents":{"emailContentAfterOuterUser":"这个是logo图片噢","emailContentAfterOuterUserSrc":"https://gitee.com/Iszychen/luna/raw/master/img/20200808-162340-0536.png","copyRightName":"luna","emailContentBeforeOuterUser":"这是放在用户信息之前的介绍内容","#10fa81":"blue"},"outerName":"陈章月"},"modelName":"luna-message.html"} 
2020-08-09 00:38:32,675  INFO [main] (EmailModelBuild.java:41) - build model modelName=luna-message.html, modelContentDTO={"contents":{"emailContentAfterOuterUser":"这个是logo图片噢","emailContentAfterOuterUserSrc":"https://gitee.com/Iszychen/luna/raw/master/img/20200808-162340-0536.png","copyRightName":"luna","emailContentBeforeOuterUser":"这是放在用户信息之前的介绍内容","#10fa81":"blue"},"outerName":"陈章月"} 
2020-08-09 00:38:32,675  INFO [main] (EmailModelBuild.java:107) - read model modelName=luna-message.html 
2020-08-09 00:38:32,676  INFO [main] (EmailModelBuild.java:96) - build model success modelName=luna-message.html, modelContentDTO=com.luna.message.entity.ModelContentDTO@2b5c4f17 
2020-08-09 00:38:33,580  INFO [main] (MailWrapper.java:253) - sendEmail success emailDTO={"emailSmallDTO":{"content":"这是测试邮件","subject":"这是测试邮件","to":"15696756582@163.com","userName":"Luna"},"modelContentDTO":{"contents":{"emailContentAfterOuterUser":"这个是logo图片噢","emailContentAfterOuterUserSrc":"https://gitee.com/Iszychen/luna/raw/master/img/20200808-162340-0536.png","copyRightName":"luna","emailContentBeforeOuterUser":"这是放在用户信息之前的介绍内容","#10fa81":"blue"},"outerName":"陈章月"},"modelName":"luna-message.html"} 
2020-08-09 00:45:38,054  INFO [main] (StartupInfoLogger.java:55) - Starting SendMessage on luna with PID 12760 (started by improve in D:\myproject\luna-commons-loc\luna-commons-message) 
2020-08-09 00:45:38,056  INFO [main] (SpringApplication.java:655) - The following profiles are active: dev 
2020-08-09 00:45:38,499  INFO [main] (RepositoryConfigurationDelegate.java:249) - Multiple Spring Data modules found, entering strict repository configuration mode! 
2020-08-09 00:45:38,502  INFO [main] (RepositoryConfigurationDelegate.java:127) - Bootstrapping Spring Data Redis repositories in DEFAULT mode. 
2020-08-09 00:45:38,526  INFO [main] (RepositoryConfigurationDelegate.java:187) - Finished Spring Data repository scanning in 8ms. Found 0 Redis repository interfaces. 
2020-08-09 00:45:40,044  INFO [main] (StartupInfoLogger.java:61) - Started SendMessage in 6.834 seconds (JVM running for 7.875) 
2020-08-09 00:45:40,326  INFO [main] (MailWrapper.java:201) - sendEmail start emailDTO={"emailSmallDTO":{"content":"这是测试邮件","subject":"这是测试邮件","to":"15696756582@163.com","userName":"Luna"},"modelContentDTO":{"contents":{"emailContentAfterOuterUser":"这个是logo图片噢","emailContentAfterOuterUserSrc":"https://gitee.com/Iszychen/luna/raw/master/img/20200808-162340-0536.png","copyRightName":"luna","emailContentBeforeOuterUser":"这是放在用户信息之前的介绍内容","#10fa81":"blue"},"outerName":"陈章月"},"modelName":"luna-message.html"} 
2020-08-09 00:45:40,409  INFO [main] (EmailModelBuild.java:42) - build model modelName=luna-message.html, modelContentDTO={"contents":{"emailContentAfterOuterUser":"这个是logo图片噢","emailContentAfterOuterUserSrc":"https://gitee.com/Iszychen/luna/raw/master/img/20200808-162340-0536.png","copyRightName":"luna","emailContentBeforeOuterUser":"这是放在用户信息之前的介绍内容","#10fa81":"blue"},"outerName":"陈章月"} 
2020-08-09 00:45:40,410  INFO [main] (EmailModelBuild.java:108) - read model modelName=luna-message.html 
2020-08-09 00:45:40,411  INFO [main] (EmailModelBuild.java:97) - build model success modelName=luna-message.html, modelContentDTO=com.luna.message.entity.ModelContentDTO@51c8f62c 
2020-08-09 00:45:41,429  INFO [main] (MailWrapper.java:253) - sendEmail success emailDTO={"emailSmallDTO":{"content":"这是测试邮件","subject":"这是测试邮件","to":"15696756582@163.com","userName":"Luna"},"modelContentDTO":{"contents":{"emailContentAfterOuterUser":"这个是logo图片噢","emailContentAfterOuterUserSrc":"https://gitee.com/Iszychen/luna/raw/master/img/20200808-162340-0536.png","copyRightName":"luna","emailContentBeforeOuterUser":"这是放在用户信息之前的介绍内容","#10fa81":"blue"},"outerName":"陈章月"},"modelName":"luna-message.html"} 
2020-08-09 11:29:30,794  INFO [main] (StartupInfoLogger.java:55) - Starting SendMessage on luna with PID 7608 (started by improve in D:\myproject\luna-commons-loc\luna-commons-message) 
2020-08-09 11:29:30,796  INFO [main] (SpringApplication.java:655) - The following profiles are active: dev 
2020-08-09 11:29:31,405  INFO [main] (RepositoryConfigurationDelegate.java:249) - Multiple Spring Data modules found, entering strict repository configuration mode! 
2020-08-09 11:29:31,408  INFO [main] (RepositoryConfigurationDelegate.java:127) - Bootstrapping Spring Data Redis repositories in DEFAULT mode. 
2020-08-09 11:29:31,444  INFO [main] (RepositoryConfigurationDelegate.java:187) - Finished Spring Data repository scanning in 14ms. Found 0 Redis repository interfaces. 
2020-08-09 11:29:33,076  INFO [main] (StartupInfoLogger.java:61) - Started SendMessage in 4.524 seconds (JVM running for 6.233) 
2020-08-09 11:29:33,447  INFO [main] (MailWrapper.java:201) - sendEmail start emailDTO={"emailSmallDTO":{"content":"","subject":"这是测试邮件","to":"15696756582@163.com","userName":"Luna"},"modelContentDTO":{"contents":{"emailContentAfterOuterUser":"这个是logo图片噢","emailContentAfterOuterUserSrc":"https://gitee.com/Iszychen/luna/raw/master/img/20200808-162340-0536.png","copyRightName":"luna","emailContentBeforeOuterUser":"这是放在用户信息之前的介绍内容","#10fa81":"blue"},"outerName":"陈章月"},"modelName":"luna-message.html"} 
2020-08-09 11:29:33,539  INFO [main] (EmailModelBuild.java:42) - build model modelName=luna-message.html, modelContentDTO={"contents":{"emailContentAfterOuterUser":"这个是logo图片噢","emailContentAfterOuterUserSrc":"https://gitee.com/Iszychen/luna/raw/master/img/20200808-162340-0536.png","copyRightName":"luna","emailContentBeforeOuterUser":"这是放在用户信息之前的介绍内容","#10fa81":"blue"},"outerName":"陈章月"} 
2020-08-09 11:29:33,539  INFO [main] (EmailModelBuild.java:108) - read model modelName=luna-message.html 
2020-08-09 11:29:33,540  INFO [main] (EmailModelBuild.java:97) - build model success modelName=luna-message.html, modelContentDTO=com.luna.message.entity.ModelContentDTO@41ad373 
2020-08-09 11:29:34,666  INFO [main] (MailWrapper.java:253) - sendEmail success emailDTO={"emailSmallDTO":{"content":"","subject":"这是测试邮件","to":"15696756582@163.com","userName":"Luna"},"modelContentDTO":{"contents":{"emailContentAfterOuterUser":"这个是logo图片噢","emailContentAfterOuterUserSrc":"https://gitee.com/Iszychen/luna/raw/master/img/20200808-162340-0536.png","copyRightName":"luna","emailContentBeforeOuterUser":"这是放在用户信息之前的介绍内容","#10fa81":"blue"},"outerName":"陈章月"},"modelName":"luna-message.html"} 
2020-08-09 11:35:15,691  INFO [main] (StartupInfoLogger.java:55) - Starting SendMessage on luna with PID 8668 (started by improve in D:\myproject\luna-commons-loc\luna-commons-message) 
2020-08-09 11:35:15,692  INFO [main] (SpringApplication.java:655) - The following profiles are active: dev 
2020-08-09 11:35:16,119  INFO [main] (RepositoryConfigurationDelegate.java:249) - Multiple Spring Data modules found, entering strict repository configuration mode! 
2020-08-09 11:35:16,121  INFO [main] (RepositoryConfigurationDelegate.java:127) - Bootstrapping Spring Data Redis repositories in DEFAULT mode. 
2020-08-09 11:35:16,146  INFO [main] (RepositoryConfigurationDelegate.java:187) - Finished Spring Data repository scanning in 10ms. Found 0 Redis repository interfaces. 
2020-08-09 11:35:17,717  INFO [main] (StartupInfoLogger.java:61) - Started SendMessage in 4.089 seconds (JVM running for 5.116) 
2020-08-09 11:35:18,019  INFO [main] (MailWrapper.java:201) - sendEmail start emailDTO={"emailSmallDTO":{"content":"","pathMap":{},"subject":"这是测试邮件","to":"15696756582@163.com","userName":"Luna"},"modelContentDTO":{"contents":{"emailContentAfterOuterUser":"这个是logo图片噢","emailContentAfterOuterUserSrc":"https://gitee.com/Iszychen/luna/raw/master/img/20200808-162340-0536.png","copyRightName":"luna","emailContentBeforeOuterUser":"这是放在用户信息之前的介绍内容","#10fa81":"blue","luna.png":"C:\\Users\\improve\\Pictures\\Camera Roll\\luna-logo.png"},"outerName":"陈章月"},"modelName":"luna-message.html"} 
2020-08-09 11:35:18,109  INFO [main] (EmailModelBuild.java:42) - build model modelName=luna-message.html, modelContentDTO={"contents":{"emailContentAfterOuterUser":"这个是logo图片噢","emailContentAfterOuterUserSrc":"https://gitee.com/Iszychen/luna/raw/master/img/20200808-162340-0536.png","copyRightName":"luna","emailContentBeforeOuterUser":"这是放在用户信息之前的介绍内容","#10fa81":"blue","luna.png":"C:\\Users\\improve\\Pictures\\Camera Roll\\luna-logo.png"},"outerName":"陈章月"} 
2020-08-09 11:35:18,110  INFO [main] (EmailModelBuild.java:108) - read model modelName=luna-message.html 
2020-08-09 11:35:18,111  INFO [main] (EmailModelBuild.java:97) - build model success modelName=luna-message.html, modelContentDTO=com.luna.message.entity.ModelContentDTO@6aa3bfc 
2020-08-09 11:35:19,002  INFO [main] (MailWrapper.java:253) - sendEmail success emailDTO={"emailSmallDTO":{"content":"","pathMap":{},"subject":"这是测试邮件","to":"15696756582@163.com","userName":"Luna"},"modelContentDTO":{"contents":{"emailContentAfterOuterUser":"这个是logo图片噢","emailContentAfterOuterUserSrc":"https://gitee.com/Iszychen/luna/raw/master/img/20200808-162340-0536.png","copyRightName":"luna","emailContentBeforeOuterUser":"这是放在用户信息之前的介绍内容","#10fa81":"blue","luna.png":"C:\\Users\\improve\\Pictures\\Camera Roll\\luna-logo.png"},"outerName":"陈章月"},"modelName":"luna-message.html"} 
2020-08-09 12:30:57,505  INFO [main] (StartupInfoLogger.java:55) - Starting SendMessage on luna with PID 4276 (started by improve in D:\myproject\luna-commons-loc\luna-commons-message) 
2020-08-09 12:30:57,506  INFO [main] (SpringApplication.java:655) - The following profiles are active: dev 
2020-08-09 12:30:57,940  INFO [main] (RepositoryConfigurationDelegate.java:249) - Multiple Spring Data modules found, entering strict repository configuration mode! 
2020-08-09 12:30:57,942  INFO [main] (RepositoryConfigurationDelegate.java:127) - Bootstrapping Spring Data Redis repositories in DEFAULT mode. 
2020-08-09 12:30:57,966  INFO [main] (RepositoryConfigurationDelegate.java:187) - Finished Spring Data repository scanning in 9ms. Found 0 Redis repository interfaces. 
2020-08-09 12:30:59,437  INFO [main] (StartupInfoLogger.java:61) - Started SendMessage in 4.003 seconds (JVM running for 5.061) 
2020-08-09 12:30:59,773  INFO [main] (MailWrapper.java:201) - sendEmail start emailDTO={"emailSmallDTO":{"content":"","pathMap":{"luna.png":"C:\\Users\\improve\\Pictures\\Camera Roll\\luna-logo.png"},"subject":"这是测试邮件","to":"15696756582@163.com","userName":"Luna"},"modelContentDTO":{"contents":{"emailContentAfterOuterUser":"这个是logo图片噢","emailContentAfterOuterUserSrc":"https://gitee.com/Iszychen/luna/raw/master/img/20200808-162340-0536.png","copyRightName":"luna","emailContentBeforeOuterUser":"这是放在用户信息之前的介绍内容","#10fa81":"blue"},"outerName":"陈章月"},"modelName":"luna-message.html"} 
2020-08-09 12:30:59,869  INFO [main] (EmailModelBuild.java:42) - build model modelName=luna-message.html, modelContentDTO={"contents":{"emailContentAfterOuterUser":"这个是logo图片噢","emailContentAfterOuterUserSrc":"https://gitee.com/Iszychen/luna/raw/master/img/20200808-162340-0536.png","copyRightName":"luna","emailContentBeforeOuterUser":"这是放在用户信息之前的介绍内容","#10fa81":"blue"},"outerName":"陈章月"} 
2020-08-09 12:30:59,869  INFO [main] (EmailModelBuild.java:108) - read model modelName=luna-message.html 
2020-08-09 12:30:59,870  INFO [main] (EmailModelBuild.java:97) - build model success modelName=luna-message.html, modelContentDTO=com.luna.message.entity.ModelContentDTO@d2291de 
2020-08-09 12:31:01,271  INFO [main] (MailWrapper.java:253) - sendEmail success emailDTO={"emailSmallDTO":{"content":"","pathMap":{"luna.png":"C:\\Users\\improve\\Pictures\\Camera Roll\\luna-logo.png"},"subject":"这是测试邮件","to":"15696756582@163.com","userName":"Luna"},"modelContentDTO":{"contents":{"emailContentAfterOuterUser":"这个是logo图片噢","emailContentAfterOuterUserSrc":"https://gitee.com/Iszychen/luna/raw/master/img/20200808-162340-0536.png","copyRightName":"luna","emailContentBeforeOuterUser":"这是放在用户信息之前的介绍内容","#10fa81":"blue"},"outerName":"陈章月"},"modelName":"luna-message.html"} 
2020-08-09 13:36:44,332  INFO [main] (StartupInfoLogger.java:55) - Starting SendMessage on luna with PID 6908 (started by improve in D:\myproject\luna-commons-loc\luna-commons-message) 
2020-08-09 13:36:44,333  INFO [main] (SpringApplication.java:655) - The following profiles are active: dev 
2020-08-09 13:36:44,783  INFO [main] (RepositoryConfigurationDelegate.java:249) - Multiple Spring Data modules found, entering strict repository configuration mode! 
2020-08-09 13:36:44,786  INFO [main] (RepositoryConfigurationDelegate.java:127) - Bootstrapping Spring Data Redis repositories in DEFAULT mode. 
2020-08-09 13:36:44,811  INFO [main] (RepositoryConfigurationDelegate.java:187) - Finished Spring Data repository scanning in 10ms. Found 0 Redis repository interfaces. 
2020-08-09 13:36:46,289  INFO [main] (StartupInfoLogger.java:61) - Started SendMessage in 5.931 seconds (JVM running for 7.053) 
2020-08-09 13:36:46,575  INFO [send-message-pool-0] (HikariDataSource.java:110) - HikariPool-1 - Starting... 
2020-08-09 13:36:47,395  INFO [send-message-pool-0] (HikariDataSource.java:123) - HikariPool-1 - Start completed. 
2020-08-09 13:36:47,612  INFO [send-message-pool-0] (MailWrapper.java:75) - sendSimpleEmail start emailSmallDTO={"content":"您的验证码是：248061，5分钟有效，打死也不要告诉别人哦。","subject":"您的验证码","to":"15696756582@163.com"} 
2020-08-09 13:36:48,619  INFO [send-message-pool-0] (MailWrapper.java:100) - javaMailSender.send success, simpleMailMessage={"from":"Luna <1173282254@qq.com>","subject":"您的验证码2020-08-09 13:36","text":"您的验证码是：248061，5分钟有效，打死也不要告诉别人哦。","to":["15696756582@163.com"]} 
2020-08-09 13:37:16,558  INFO [SpringContextShutdownHook] (HikariDataSource.java:350) - HikariPool-1 - Shutdown initiated... 
2020-08-09 13:37:16,573  INFO [SpringContextShutdownHook] (HikariDataSource.java:352) - HikariPool-1 - Shutdown completed. 
2020-08-09 13:39:11,089  INFO [main] (StartupInfoLogger.java:55) - Starting SendMessage on luna with PID 9980 (started by improve in D:\myproject\luna-commons-loc\luna-commons-message) 
2020-08-09 13:39:11,090  INFO [main] (SpringApplication.java:655) - The following profiles are active: dev 
2020-08-09 13:39:11,539  INFO [main] (RepositoryConfigurationDelegate.java:249) - Multiple Spring Data modules found, entering strict repository configuration mode! 
2020-08-09 13:39:11,542  INFO [main] (RepositoryConfigurationDelegate.java:127) - Bootstrapping Spring Data Redis repositories in DEFAULT mode. 
2020-08-09 13:39:11,567  INFO [main] (RepositoryConfigurationDelegate.java:187) - Finished Spring Data repository scanning in 10ms. Found 0 Redis repository interfaces. 
2020-08-09 13:39:13,071  INFO [main] (StartupInfoLogger.java:61) - Started SendMessage in 4.883 seconds (JVM running for 5.989) 
2020-08-09 13:39:13,455  INFO [main] (EpollProvider.java:68) - Starting without optional epoll library 
2020-08-09 13:39:13,457  INFO [main] (KqueueProvider.java:70) - Starting without optional kqueue library 
2020-08-09 13:39:14,839  INFO [send-message-pool-0] (HikariDataSource.java:110) - HikariPool-1 - Starting... 
2020-08-09 13:39:15,574  INFO [send-message-pool-0] (HikariDataSource.java:123) - HikariPool-1 - Start completed. 
2020-08-09 13:39:15,795  INFO [send-message-pool-0] (MailWrapper.java:75) - sendSimpleEmail start emailSmallDTO={"content":"您的验证码是：574816，5分钟有效，打死也不要告诉别人哦。","subject":"您的验证码","to":""} 
2020-08-09 13:39:15,910  INFO [send-message-pool-1] (MailWrapper.java:75) - sendSimpleEmail start emailSmallDTO={"content":"您的验证码是：574816，5分钟有效，打死也不要告诉别人哦。","subject":"您的验证码","to":"15696756582@163.com"} 
2020-08-09 13:39:16,861  INFO [send-message-pool-1] (MailWrapper.java:100) - javaMailSender.send success, simpleMailMessage={"from":"Luna <1173282254@qq.com>","subject":"您的验证码2020-08-09 13:39","text":"您的验证码是：574816，5分钟有效，打死也不要告诉别人哦。","to":["15696756582@163.com"]} 
2020-08-09 13:39:56,321  INFO [main] (StartupInfoLogger.java:55) - Starting SendMessage on luna with PID 4520 (started by improve in D:\myproject\luna-commons-loc\luna-commons-message) 
2020-08-09 13:39:56,322  INFO [main] (SpringApplication.java:655) - The following profiles are active: dev 
2020-08-09 13:39:56,773  INFO [main] (RepositoryConfigurationDelegate.java:249) - Multiple Spring Data modules found, entering strict repository configuration mode! 
2020-08-09 13:39:56,776  INFO [main] (RepositoryConfigurationDelegate.java:127) - Bootstrapping Spring Data Redis repositories in DEFAULT mode. 
2020-08-09 13:39:56,801  INFO [main] (RepositoryConfigurationDelegate.java:187) - Finished Spring Data repository scanning in 9ms. Found 0 Redis repository interfaces. 
2020-08-09 13:39:58,313  INFO [main] (StartupInfoLogger.java:61) - Started SendMessage in 4.852 seconds (JVM running for 5.927) 
2020-08-09 13:39:58,686  INFO [main] (EpollProvider.java:68) - Starting without optional epoll library 
2020-08-09 13:39:58,688  INFO [main] (KqueueProvider.java:70) - Starting without optional kqueue library 
2020-08-09 13:40:00,089  INFO [send-message-pool-0] (HikariDataSource.java:110) - HikariPool-1 - Starting... 
2020-08-09 13:40:01,702  INFO [send-message-pool-0] (HikariDataSource.java:123) - HikariPool-1 - Start completed. 
2020-08-09 13:40:01,887  INFO [send-message-pool-0] (MailWrapper.java:75) - sendSimpleEmail start emailSmallDTO={"content":"您的验证码是：672574，5分钟有效，打死也不要告诉别人哦。","subject":"您的验证码","to":"15696756582@163.com"} 
2020-08-09 13:40:02,946  INFO [send-message-pool-0] (MailWrapper.java:100) - javaMailSender.send success, simpleMailMessage={"from":"Luna <1173282254@qq.com>","subject":"您的验证码2020-08-09 13:40","text":"您的验证码是：672574，5分钟有效，打死也不要告诉别人哦。","to":["15696756582@163.com"]} 
2020-08-09 13:40:30,091  INFO [SpringContextShutdownHook] (HikariDataSource.java:350) - HikariPool-1 - Shutdown initiated... 
2020-08-09 13:40:30,105  INFO [SpringContextShutdownHook] (HikariDataSource.java:352) - HikariPool-1 - Shutdown completed. 
2020-08-09 13:48:24,126  INFO [main] (StartupInfoLogger.java:55) - Starting SendMessage on luna with PID 5996 (started by improve in D:\myproject\luna-commons-loc\luna-commons-message) 
2020-08-09 13:48:24,127  INFO [main] (SpringApplication.java:655) - The following profiles are active: dev 
2020-08-09 13:48:24,572  INFO [main] (RepositoryConfigurationDelegate.java:249) - Multiple Spring Data modules found, entering strict repository configuration mode! 
2020-08-09 13:48:24,575  INFO [main] (RepositoryConfigurationDelegate.java:127) - Bootstrapping Spring Data Redis repositories in DEFAULT mode. 
2020-08-09 13:48:24,599  INFO [main] (RepositoryConfigurationDelegate.java:187) - Finished Spring Data repository scanning in 9ms. Found 0 Redis repository interfaces. 
2020-08-09 13:48:26,110  INFO [main] (StartupInfoLogger.java:61) - Started SendMessage in 4.595 seconds (JVM running for 5.666) 
2020-08-09 13:48:26,507  INFO [main] (EpollProvider.java:68) - Starting without optional epoll library 
2020-08-09 13:48:26,509  INFO [main] (KqueueProvider.java:70) - Starting without optional kqueue library 
2020-08-09 13:48:27,904  INFO [send-message-pool-0] (HikariDataSource.java:110) - HikariPool-1 - Starting... 
2020-08-09 13:48:28,639  INFO [send-message-pool-0] (HikariDataSource.java:123) - HikariPool-1 - Start completed. 
2020-08-09 13:48:28,805  INFO [send-message-pool-0] (MailWrapper.java:75) - sendSimpleEmail start emailSmallDTO={"content":"您的验证码是：342219，5分钟有效，打死也不要告诉别人哦。","subject":"您的验证码","to":"15696756582@163.com"} 
2020-08-09 13:48:29,829  INFO [send-message-pool-0] (MailWrapper.java:100) - javaMailSender.send success, simpleMailMessage={"from":"Luna <1173282254@qq.com>","subject":"您的验证码2020-08-09 13:48","text":"您的验证码是：342219，5分钟有效，打死也不要告诉别人哦。","to":["15696756582@163.com"]} 
2020-08-09 13:48:57,911  INFO [SpringContextShutdownHook] (HikariDataSource.java:350) - HikariPool-1 - Shutdown initiated... 
2020-08-09 13:48:57,926  INFO [SpringContextShutdownHook] (HikariDataSource.java:352) - HikariPool-1 - Shutdown completed. 
